[2026-04-02T08:02:02.830Z] Middleware called for: GET /api/bugs
[2026-04-02T08:02:02.845Z] Path: /api/bugs, Threats detected: 1
[2026-04-02T08:02:03.028Z] Middleware called for: GET /api/bugs
[2026-04-02T08:02:03.031Z] Path: /api/bugs, Threats detected: 1
[2026-04-02T08:02:51.583Z] Middleware called for: POST /api/auth/login
[2026-04-02T08:02:51.585Z] Path: /api/auth/login, Threats detected: 1
[2026-04-02T08:02:54.275Z] Middleware called for: POST /api/auth/login
[2026-04-02T08:02:54.292Z] Path: /api/auth/login, Threats detected: 1
[2026-04-02T08:03:48.835Z] Middleware called for: POST /api/auth/signup
[2026-04-02T08:03:48.839Z] Path: /api/auth/signup, Threats detected: 1
[2026-04-02T08:06:09.023Z] Middleware called for: POST /api/auth/login
[2026-04-02T08:06:09.037Z] Path: /api/auth/login, Threats detected: 1
[2026-04-02T08:06:10.058Z] Middleware called for: GET /api/bugs
[2026-04-02T08:06:10.063Z] Path: /api/bugs, Threats detected: 1
[2026-04-02T08:06:10.181Z] Middleware called for: GET /api/bugs
[2026-04-02T08:06:10.188Z] Path: /api/bugs, Threats detected: 1
[2026-04-02T08:06:22.807Z] Middleware called for: GET /api/bugs
[2026-04-02T08:06:22.810Z] Path: /api/bugs, Threats detected: 1
[2026-04-02T08:06:22.862Z] Middleware called for: GET /api/bugs
[2026-04-02T08:06:22.866Z] Path: /api/bugs, Threats detected: 1
[2026-04-02T08:07:02.817Z] Middleware called for: POST /api/auth/login
[2026-04-02T08:07:02.820Z] Path: /api/auth/login, Threats detected: 1
[2026-04-02T08:07:03.553Z] Middleware called for: GET /api/bugs
[2026-04-02T08:07:03.555Z] Path: /api/bugs, Threats detected: 1
[2026-04-02T08:07:03.611Z] Middleware called for: GET /api/bugs
[2026-04-02T08:07:03.615Z] Path: /api/bugs, Threats detected: 1
[2026-04-02T08:10:01.972Z] Middleware called for: POST /api/auth/login
[2026-04-02T08:10:01.976Z] Path: /api/auth/login, Threats detected: 1
[2026-04-02T08:10:02.968Z] Middleware called for: GET /api/bugs
[2026-04-02T08:10:02.971Z] Path: /api/bugs, Threats detected: 1
[2026-04-02T08:10:03.060Z] Middleware called for: GET /api/bugs
[2026-04-02T08:10:03.064Z] Path: /api/bugs, Threats detected: 1
[2026-04-02T08:10:09.828Z] Middleware called for: GET /api/bugs
[2026-04-02T08:10:09.830Z] Path: /api/bugs, Threats detected: 1
[2026-04-02T08:10:09.895Z] Middleware called for: GET /api/bugs
[2026-04-02T08:10:09.897Z] Path: /api/bugs, Threats detected: 1
[2026-04-02T08:12:37.294Z] Middleware called for: POST /api/auth/login
[2026-04-02T08:12:37.298Z] Path: /api/auth/login, Threats detected: 1
[2026-04-02T08:13:04.499Z] Middleware called for: POST /api/auth/signup
[2026-04-02T08:13:04.501Z] Path: /api/auth/signup, Threats detected: 1
[2026-04-02T08:13:05.364Z] Middleware called for: GET /api/bugs
[2026-04-02T08:13:05.367Z] Path: /api/bugs, Threats detected: 1
[2026-04-02T08:13:05.425Z] Middleware called for: GET /api/bugs
[2026-04-02T08:13:05.427Z] Path: /api/bugs, Threats detected: 1
[2026-04-02T08:13:42.159Z] Middleware called for: POST /api/auth/signup
[2026-04-02T08:13:42.161Z] Path: /api/auth/signup, Threats detected: 1
[2026-04-02T08:13:42.955Z] Middleware called for: GET /api/bugs
[2026-04-02T08:13:42.957Z] Path: /api/bugs, Threats detected: 1
[2026-04-02T08:13:43.008Z] Middleware called for: GET /api/bugs
[2026-04-02T08:13:43.011Z] Path: /api/bugs, Threats detected: 1
[2026-04-02T08:13:46.882Z] Middleware called for: GET /api/bugs
[2026-04-02T08:13:46.885Z] Path: /api/bugs, Threats detected: 1
[2026-04-02T08:13:46.945Z] Middleware called for: GET /api/bugs
[2026-04-02T08:13:46.947Z] Path: /api/bugs, Threats detected: 1
[2026-04-02T08:14:11.055Z] Middleware called for: POST /api/auth/login
[2026-04-02T08:14:11.058Z] Path: /api/auth/login, Threats detected: 1
[2026-04-02T08:14:11.864Z] Middleware called for: GET /api/bugs
[2026-04-02T08:14:11.866Z] Path: /api/bugs, Threats detected: 1
[2026-04-02T08:14:11.915Z] Middleware called for: GET /api/bugs
[2026-04-02T08:14:11.917Z] Path: /api/bugs, Threats detected: 1
[2026-04-02T08:15:33.264Z] Middleware called for: POST /api/bugs
[2026-04-02T08:15:33.266Z] Path: /api/bugs, Threats detected: 1
[2026-04-02T08:15:33.452Z] Middleware called for: POST /api/bugs/c3da581e-7399-42c0-8673-6b92f8d42739/assign
[2026-04-02T08:15:33.454Z] Path: /api/bugs/c3da581e-7399-42c0-8673-6b92f8d42739/assign, Threats detected: 1
[2026-04-02T08:15:38.934Z] Middleware called for: POST /api/bugs
[2026-04-02T08:15:38.941Z] Path: /api/bugs, Threats detected: 1
[2026-04-02T08:15:39.054Z] Middleware called for: POST /api/bugs/cb27604c-26ab-432c-9c9f-659f6a409119/assign
[2026-04-02T08:15:39.057Z] Path: /api/bugs/cb27604c-26ab-432c-9c9f-659f6a409119/assign, Threats detected: 1
[2026-04-02T08:15:45.706Z] Middleware called for: POST /api/bugs
[2026-04-02T08:15:45.709Z] Path: /api/bugs, Threats detected: 1
[2026-04-02T08:15:47.057Z] Middleware called for: GET /api/bugs/92d8bce4-b186-41bb-95d6-e55f0f4b3832
[2026-04-02T08:15:47.060Z] Path: /api/bugs/92d8bce4-b186-41bb-95d6-e55f0f4b3832, Threats detected: 1
[2026-04-02T08:15:47.144Z] Middleware called for: GET /api/bugs/92d8bce4-b186-41bb-95d6-e55f0f4b3832
[2026-04-02T08:15:47.152Z] Path: /api/bugs/92d8bce4-b186-41bb-95d6-e55f0f4b3832, Threats detected: 1
[2026-04-02T08:16:11.852Z] Middleware called for: POST /api/auth/login
[2026-04-02T08:16:11.855Z] Path: /api/auth/login, Threats detected: 1
[2026-04-02T08:16:12.668Z] Middleware called for: GET /api/bugs
[2026-04-02T08:16:12.670Z] Path: /api/bugs, Threats detected: 1
[2026-04-02T08:16:12.720Z] Middleware called for: GET /api/bugs
[2026-04-02T08:16:12.723Z] Path: /api/bugs, Threats detected: 1
[2026-04-02T08:16:18.963Z] Middleware called for: GET /api/bugs
[2026-04-02T08:16:18.968Z] Path: /api/bugs, Threats detected: 1
[2026-04-02T08:16:19.049Z] Middleware called for: GET /api/bugs
[2026-04-02T08:16:19.056Z] Path: /api/bugs, Threats detected: 1
[2026-04-02T08:16:20.413Z] Middleware called for: GET /api/bugs
[2026-04-02T08:16:20.417Z] Path: /api/bugs, Threats detected: 1
[2026-04-02T08:16:20.472Z] Middleware called for: GET /api/bugs
[2026-04-02T08:16:20.475Z] Path: /api/bugs, Threats detected: 1
[2026-04-02T08:16:21.841Z] Middleware called for: GET /api/bugs
[2026-04-02T08:16:21.846Z] Path: /api/bugs, Threats detected: 1
[2026-04-02T08:16:21.927Z] Middleware called for: GET /api/bugs
[2026-04-02T08:16:21.932Z] Path: /api/bugs, Threats detected: 1
[2026-04-02T08:16:22.986Z] Middleware called for: GET /api/bugs
[2026-04-02T08:16:22.989Z] Path: /api/bugs, Threats detected: 1
[2026-04-02T08:16:23.042Z] Middleware called for: GET /api/bugs
[2026-04-02T08:16:23.045Z] Path: /api/bugs, Threats detected: 1
[2026-04-02T08:16:25.189Z] Middleware called for: GET /api/bugs
[2026-04-02T08:16:25.193Z] Path: /api/bugs, Threats detected: 1
[2026-04-02T08:16:25.254Z] Middleware called for: GET /api/bugs
[2026-04-02T08:16:25.257Z] Path: /api/bugs, Threats detected: 1
[2026-04-02T08:16:26.418Z] Middleware called for: GET /api/bugs
[2026-04-02T08:16:26.421Z] Path: /api/bugs, Threats detected: 1
[2026-04-02T08:16:26.475Z] Middleware called for: GET /api/bugs
[2026-04-02T08:16:26.479Z] Path: /api/bugs, Threats detected: 1
[2026-04-02T08:16:29.245Z] Middleware called for: GET /api/bugs
[2026-04-02T08:16:29.248Z] Path: /api/bugs, Threats detected: 1
[2026-04-02T08:16:29.299Z] Middleware called for: GET /api/bugs
[2026-04-02T08:16:29.302Z] Path: /api/bugs, Threats detected: 1
[2026-04-02T08:16:48.057Z] Middleware called for: POST /api/auth/login
[2026-04-02T08:16:48.059Z] Path: /api/auth/login, Threats detected: 1
[2026-04-02T08:16:48.839Z] Middleware called for: GET /api/bugs
[2026-04-02T08:16:48.842Z] Path: /api/bugs, Threats detected: 1
[2026-04-02T08:16:48.891Z] Middleware called for: GET /api/bugs
[2026-04-02T08:16:48.894Z] Path: /api/bugs, Threats detected: 1
[2026-04-02T08:16:56.831Z] Middleware called for: POST /api/auth/login
[2026-04-02T08:16:56.834Z] Path: /api/auth/login, Threats detected: 1
[2026-04-02T08:16:57.574Z] Middleware called for: GET /api/bugs
[2026-04-02T08:16:57.576Z] Path: /api/bugs, Threats detected: 1
[2026-04-02T08:16:57.624Z] Middleware called for: GET /api/bugs
[2026-04-02T08:16:57.626Z] Path: /api/bugs, Threats detected: 1
[2026-04-02T08:16:59.969Z] Middleware called for: GET /api/security/dashboard
[2026-04-02T08:16:59.973Z] Path: /api/security/dashboard, Threats detected: 1
[2026-04-02T08:17:00.025Z] Middleware called for: GET /api/security/audit-logs
[2026-04-02T08:17:00.027Z] Path: /api/security/audit-logs, Threats detected: 1
[2026-04-02T08:17:00.110Z] Middleware called for: GET /api/security/audit-logs
[2026-04-02T08:17:00.112Z] Path: /api/security/audit-logs, Threats detected: 1
[2026-04-02T08:17:00.120Z] Middleware called for: GET /api/security/dashboard
[2026-04-02T08:17:00.123Z] Path: /api/security/dashboard, Threats detected: 1
[2026-04-02T08:17:40.097Z] Middleware called for: POST /api/auth/login
[2026-04-02T08:17:40.100Z] Path: /api/auth/login, Threats detected: 1
[2026-04-02T08:17:40.910Z] Middleware called for: GET /api/bugs
[2026-04-02T08:17:40.913Z] Path: /api/bugs, Threats detected: 1
[2026-04-02T08:17:40.974Z] Middleware called for: GET /api/bugs
[2026-04-02T08:17:40.977Z] Path: /api/bugs, Threats detected: 1
[2026-04-02T08:25:12.079Z] Middleware called for: GET /api/bugs
[2026-04-02T08:25:12.083Z] Path: /api/bugs, Threats detected: 1
[2026-04-02T08:25:12.195Z] Middleware called for: GET /api/bugs
[2026-04-02T08:25:12.198Z] Path: /api/bugs, Threats detected: 1
[2026-04-02T08:25:44.299Z] Middleware called for: POST /api/bugs
[2026-04-02T08:25:44.302Z] Path: /api/bugs, Threats detected: 1
[2026-04-02T08:25:44.413Z] Middleware called for: POST /api/bugs/9bd18e97-efef-458b-a615-a5d661705b67/assign
[2026-04-02T08:25:44.416Z] Path: /api/bugs/9bd18e97-efef-458b-a615-a5d661705b67/assign, Threats detected: 1
[2026-04-02T08:25:59.488Z] Middleware called for: POST /api/bugs
[2026-04-02T08:25:59.491Z] Path: /api/bugs, Threats detected: 1
[2026-04-02T08:26:00.856Z] Middleware called for: GET /api/bugs/e84b6b60-7f42-44a8-8e1e-09205755de69
[2026-04-02T08:26:00.858Z] Path: /api/bugs/e84b6b60-7f42-44a8-8e1e-09205755de69, Threats detected: 1
[2026-04-02T08:26:00.918Z] Middleware called for: GET /api/bugs/e84b6b60-7f42-44a8-8e1e-09205755de69
[2026-04-02T08:26:00.926Z] Path: /api/bugs/e84b6b60-7f42-44a8-8e1e-09205755de69, Threats detected: 1
[2026-04-02T08:26:04.724Z] Middleware called for: GET /api/bugs
[2026-04-02T08:26:04.728Z] Path: /api/bugs, Threats detected: 1
[2026-04-02T08:26:04.770Z] Middleware called for: GET /api/bugs
[2026-04-02T08:26:04.774Z] Path: /api/bugs, Threats detected: 1
[2026-04-02T08:26:06.464Z] Middleware called for: GET /api/bugs
[2026-04-02T08:26:06.467Z] Path: /api/bugs, Threats detected: 1
[2026-04-02T08:26:06.517Z] Middleware called for: GET /api/bugs
[2026-04-02T08:26:06.521Z] Path: /api/bugs, Threats detected: 1
[2026-04-02T08:26:09.517Z] Middleware called for: GET /api/bugs
[2026-04-02T08:26:09.539Z] Path: /api/bugs, Threats detected: 1
[2026-04-02T08:26:09.712Z] Middleware called for: GET /api/bugs
[2026-04-02T08:26:09.722Z] Path: /api/bugs, Threats detected: 1
[2026-04-02T08:26:16.746Z] Middleware called for: POST /api/auth/login
[2026-04-02T08:26:16.749Z] Path: /api/auth/login, Threats detected: 1
[2026-04-02T08:26:17.544Z] Middleware called for: GET /api/bugs
[2026-04-02T08:26:17.555Z] Path: /api/bugs, Threats detected: 1
[2026-04-02T08:26:17.604Z] Middleware called for: GET /api/bugs
[2026-04-02T08:26:17.608Z] Path: /api/bugs, Threats detected: 1
[2026-04-02T08:26:19.755Z] Middleware called for: GET /api/security/dashboard
[2026-04-02T08:26:19.757Z] Path: /api/security/dashboard, Threats detected: 1
[2026-04-02T08:26:19.806Z] Middleware called for: GET /api/security/audit-logs
[2026-04-02T08:26:19.808Z] Path: /api/security/audit-logs, Threats detected: 1
[2026-04-02T08:26:19.841Z] Middleware called for: GET /api/security/dashboard
[2026-04-02T08:26:19.843Z] Path: /api/security/dashboard, Threats detected: 1
[2026-04-02T08:26:19.905Z] Middleware called for: GET /api/security/audit-logs
[2026-04-02T08:26:19.907Z] Path: /api/security/audit-logs, Threats detected: 1
[2026-04-02T08:26:54.676Z] Middleware called for: POST /api/auth/login
[2026-04-02T08:26:54.679Z] Path: /api/auth/login, Threats detected: 1
[2026-04-02T08:26:55.491Z] Middleware called for: GET /api/bugs
[2026-04-02T08:26:55.495Z] Path: /api/bugs, Threats detected: 1
[2026-04-02T08:26:55.553Z] Middleware called for: GET /api/bugs
[2026-04-02T08:26:55.556Z] Path: /api/bugs, Threats detected: 1
[2026-04-02T08:27:04.396Z] Middleware called for: GET /api/bugs
[2026-04-02T08:27:04.398Z] Path: /api/bugs, Threats detected: 1
[2026-04-02T08:27:04.446Z] Middleware called for: GET /api/bugs
[2026-04-02T08:27:04.448Z] Path: /api/bugs, Threats detected: 1
[2026-04-02T08:27:27.957Z] Middleware called for: POST /api/auth/login
[2026-04-02T08:27:27.959Z] Path: /api/auth/login, Threats detected: 1
[2026-04-02T08:27:28.717Z] Middleware called for: GET /api/bugs
[2026-04-02T08:27:28.720Z] Path: /api/bugs, Threats detected: 1
[2026-04-02T08:27:28.765Z] Middleware called for: GET /api/bugs
[2026-04-02T08:27:28.768Z] Path: /api/bugs, Threats detected: 1
[2026-04-02T08:27:34.672Z] Middleware called for: GET /api/bugs
[2026-04-02T08:27:34.674Z] Path: /api/bugs, Threats detected: 1
[2026-04-02T08:27:34.728Z] Middleware called for: GET /api/bugs
[2026-04-02T08:27:34.731Z] Path: /api/bugs, Threats detected: 1
[2026-04-02T08:27:37.975Z] Middleware called for: GET /api/bugs
[2026-04-02T08:27:37.977Z] Path: /api/bugs, Threats detected: 1
[2026-04-02T08:27:42.935Z] Middleware called for: GET /api/bugs
[2026-04-02T08:27:42.937Z] Path: /api/bugs, Threats detected: 1
[2026-04-02T08:40:14.588Z] Middleware called for: POST /api/auth/login
[2026-04-02T08:40:14.592Z] Path: /api/auth/login, Threats detected: 1
[2026-04-02T08:40:15.461Z] Middleware called for: GET /api/bugs
[2026-04-02T08:40:15.463Z] Path: /api/bugs, Threats detected: 1
[2026-04-02T08:40:15.539Z] Middleware called for: GET /api/bugs
[2026-04-02T08:40:15.541Z] Path: /api/bugs, Threats detected: 1
[2026-04-02T08:40:47.378Z] Middleware called for: POST /api/bugs
[2026-04-02T08:40:47.382Z] Path: /api/bugs, Threats detected: 1
[2026-04-02T08:40:47.520Z] Middleware called for: POST /api/bugs/d7b7500f-7506-4aee-adbe-abb53f9e6a85/assign
[2026-04-02T08:40:47.524Z] Path: /api/bugs/d7b7500f-7506-4aee-adbe-abb53f9e6a85/assign, Threats detected: 1
[2026-04-02T08:50:47.703Z] Middleware called for: GET /api/bugs
[2026-04-02T08:50:47.710Z] Path: /api/bugs, Threats detected: 1
[2026-04-02T08:50:47.849Z] Middleware called for: GET /api/bugs
[2026-04-02T08:50:47.852Z] Path: /api/bugs, Threats detected: 1
[2026-04-02T08:50:49.555Z] Middleware called for: GET /api/bugs
[2026-04-02T08:50:49.558Z] Path: /api/bugs, Threats detected: 1
[2026-04-02T08:50:49.608Z] Middleware called for: GET /api/bugs
[2026-04-02T08:50:49.609Z] Path: /api/bugs, Threats detected: 1
[2026-04-02T08:50:51.204Z] Middleware called for: GET /api/bugs
[2026-04-02T08:50:51.207Z] Path: /api/bugs, Threats detected: 1
[2026-04-02T08:50:51.256Z] Middleware called for: GET /api/bugs
[2026-04-02T08:50:51.258Z] Path: /api/bugs, Threats detected: 1
[2026-04-02T08:51:38.301Z] Middleware called for: POST /api/auth/login
[2026-04-02T08:51:38.303Z] Path: /api/auth/login, Threats detected: 1
[2026-04-02T08:51:39.014Z] Middleware called for: GET /api/bugs
[2026-04-02T08:51:39.016Z] Path: /api/bugs, Threats detected: 1
[2026-04-02T08:51:39.054Z] Middleware called for: GET /api/bugs
[2026-04-02T08:51:39.056Z] Path: /api/bugs, Threats detected: 1
[2026-04-02T08:51:41.806Z] Middleware called for: GET /api/security/dashboard
[2026-04-02T08:51:41.810Z] Path: /api/security/dashboard, Threats detected: 1
[2026-04-02T08:51:41.870Z] Middleware called for: GET /api/security/audit-logs
[2026-04-02T08:51:41.872Z] Path: /api/security/audit-logs, Threats detected: 1
[2026-04-02T08:51:41.903Z] Middleware called for: GET /api/security/dashboard
[2026-04-02T08:51:41.905Z] Path: /api/security/dashboard, Threats detected: 1
[2026-04-02T08:51:41.963Z] Middleware called for: GET /api/security/audit-logs
[2026-04-02T08:51:41.965Z] Path: /api/security/audit-logs, Threats detected: 1
[2026-04-02T08:53:50.656Z] Middleware called for: POST /api/auth/login
[2026-04-02T08:53:50.658Z] Path: /api/auth/login, Threats detected: 1
[2026-04-02T08:53:51.427Z] Middleware called for: GET /api/bugs
[2026-04-02T08:53:51.430Z] Path: /api/bugs, Threats detected: 1
[2026-04-02T08:53:51.479Z] Middleware called for: GET /api/bugs
[2026-04-02T08:53:51.482Z] Path: /api/bugs, Threats detected: 1
[2026-04-02T08:54:26.888Z] Middleware called for: POST /api/bugs
[2026-04-02T08:54:26.890Z] Path: /api/bugs, Threats detected: 1
[2026-04-02T08:54:26.976Z] Middleware called for: POST /api/bugs/27b6e1ed-f05f-4a14-846b-0c544f591e8f/assign
[2026-04-02T08:54:26.978Z] Path: /api/bugs/27b6e1ed-f05f-4a14-846b-0c544f591e8f/assign, Threats detected: 1
[2026-04-02T08:54:55.947Z] Middleware called for: POST /api/auth/login
[2026-04-02T08:54:55.949Z] Path: /api/auth/login, Threats detected: 1
[2026-04-02T08:54:56.731Z] Middleware called for: GET /api/bugs
[2026-04-02T08:54:56.733Z] Path: /api/bugs, Threats detected: 1
[2026-04-02T08:54:56.776Z] Middleware called for: GET /api/bugs
[2026-04-02T08:54:56.778Z] Path: /api/bugs, Threats detected: 1
[2026-04-02T09:05:26.115Z] Middleware called for: POST /api/auth/signup
[2026-04-02T09:05:26.127Z] Path: /api/auth/signup, Threats detected: 1
[2026-04-02T09:06:09.982Z] Middleware called for: POST /api/auth/signup
[2026-04-02T09:06:09.992Z] Path: /api/auth/signup, Threats detected: 1
[2026-04-02T09:06:41.225Z] Middleware called for: POST /api/auth/login
[2026-04-02T09:06:41.229Z] Path: /api/auth/login, Threats detected: 1
[2026-04-02T09:07:12.914Z] Middleware called for: POST /api/auth/signup
[2026-04-02T09:07:12.917Z] Path: /api/auth/signup, Threats detected: 1
[2026-04-02T09:07:13.934Z] Middleware called for: GET /api/bugs
[2026-04-02T09:07:13.938Z] Path: /api/bugs, Threats detected: 1
[2026-04-02T09:07:14.095Z] Middleware called for: GET /api/bugs
[2026-04-02T09:07:14.098Z] Path: /api/bugs, Threats detected: 1
[2026-04-02T09:08:41.980Z] Middleware called for: POST /api/auth/login
[2026-04-02T09:08:41.982Z] Path: /api/auth/login, Threats detected: 1
[2026-04-02T09:10:21.532Z] Middleware called for: POST /api/auth/signup
[2026-04-02T09:10:21.535Z] Path: /api/auth/signup, Threats detected: 1
[2026-04-02T09:10:48.320Z] Middleware called for: POST /api/auth/login
[2026-04-02T09:10:48.330Z] Path: /api/auth/login, Threats detected: 1
[2026-04-02T09:14:22.482Z] Middleware called for: POST /api/auth/login
[2026-04-02T09:14:22.484Z] Path: /api/auth/login, Threats detected: 1
[2026-04-02T09:14:29.995Z] Middleware called for: POST /api/auth/login
[2026-04-02T09:14:29.997Z] Path: /api/auth/login, Threats detected: 1
[2026-04-02T09:14:30.770Z] Middleware called for: GET /api/bugs
[2026-04-02T09:14:30.773Z] Path: /api/bugs, Threats detected: 1
[2026-04-02T09:14:30.867Z] Middleware called for: GET /api/bugs
[2026-04-02T09:14:30.868Z] Path: /api/bugs, Threats detected: 1
[2026-04-02T09:14:42.263Z] Middleware called for: GET /api/bugs
[2026-04-02T09:14:42.265Z] Path: /api/bugs, Threats detected: 1
[2026-04-02T09:14:42.325Z] Middleware called for: GET /api/bugs
[2026-04-02T09:14:42.328Z] Path: /api/bugs, Threats detected: 1
[2026-04-02T09:16:21.031Z] Middleware called for: POST /api/auth/signup
[2026-04-02T09:16:21.033Z] Path: /api/auth/signup, Threats detected: 1
[2026-04-02T09:16:21.902Z] Middleware called for: GET /api/bugs
[2026-04-02T09:16:21.904Z] Path: /api/bugs, Threats detected: 1
[2026-04-02T09:16:22.039Z] Middleware called for: GET /api/bugs
[2026-04-02T09:16:22.046Z] Path: /api/bugs, Threats detected: 1
[2026-04-02T09:16:25.525Z] Middleware called for: GET /api/bugs
[2026-04-02T09:16:25.531Z] Path: /api/bugs, Threats detected: 1
[2026-04-02T09:16:25.597Z] Middleware called for: GET /api/bugs
[2026-04-02T09:16:25.599Z] Path: /api/bugs, Threats detected: 1
[2026-04-02T09:16:40.968Z] Middleware called for: POST /api/auth/login
[2026-04-02T09:16:40.970Z] Path: /api/auth/login, Threats detected: 1
[2026-04-02T09:16:41.729Z] Middleware called for: GET /api/bugs
[2026-04-02T09:16:41.732Z] Path: /api/bugs, Threats detected: 1
[2026-04-02T09:16:41.792Z] Middleware called for: GET /api/bugs
[2026-04-02T09:16:41.794Z] Path: /api/bugs, Threats detected: 1
[2026-04-02T09:16:47.866Z] Middleware called for: GET /api/bugs/e84b6b60-7f42-44a8-8e1e-09205755de69
[2026-04-02T09:16:47.868Z] Path: /api/bugs/e84b6b60-7f42-44a8-8e1e-09205755de69, Threats detected: 1
[2026-04-02T09:16:47.932Z] Middleware called for: GET /api/bugs/e84b6b60-7f42-44a8-8e1e-09205755de69
[2026-04-02T09:16:47.934Z] Path: /api/bugs/e84b6b60-7f42-44a8-8e1e-09205755de69, Threats detected: 1
[2026-04-02T09:16:53.460Z] Middleware called for: GET /api/bugs
[2026-04-02T09:16:53.462Z] Path: /api/bugs, Threats detected: 1
[2026-04-02T09:16:53.514Z] Middleware called for: GET /api/bugs
[2026-04-02T09:16:53.517Z] Path: /api/bugs, Threats detected: 1
[2026-04-02T09:16:56.494Z] Middleware called for: GET /api/bugs
[2026-04-02T09:16:56.496Z] Path: /api/bugs, Threats detected: 1
[2026-04-02T09:16:56.553Z] Middleware called for: GET /api/bugs
[2026-04-02T09:16:56.554Z] Path: /api/bugs, Threats detected: 1
[2026-04-02T09:16:59.006Z] Middleware called for: GET /api/bugs
[2026-04-02T09:16:59.009Z] Path: /api/bugs, Threats detected: 1
[2026-04-02T09:16:59.060Z] Middleware called for: GET /api/bugs
[2026-04-02T09:16:59.062Z] Path: /api/bugs, Threats detected: 1
[2026-04-02T09:17:00.947Z] Middleware called for: GET /api/bugs
[2026-04-02T09:17:00.949Z] Path: /api/bugs, Threats detected: 1
[2026-04-02T09:17:01.001Z] Middleware called for: GET /api/bugs
[2026-04-02T09:17:01.003Z] Path: /api/bugs, Threats detected: 1
[2026-04-02T09:17:49.688Z] Middleware called for: POST /api/bugs
[2026-04-02T09:17:49.690Z] Path: /api/bugs, Threats detected: 1
[2026-04-02T09:17:49.787Z] Middleware called for: POST /api/bugs/98a8a517-0cae-4c3f-aa67-22254ec5e993/assign
[2026-04-02T09:17:49.789Z] Path: /api/bugs/98a8a517-0cae-4c3f-aa67-22254ec5e993/assign, Threats detected: 1
[2026-04-02T09:17:51.113Z] Middleware called for: GET /api/bugs/98a8a517-0cae-4c3f-aa67-22254ec5e993
[2026-04-02T09:17:51.115Z] Path: /api/bugs/98a8a517-0cae-4c3f-aa67-22254ec5e993, Threats detected: 1
[2026-04-02T09:17:51.166Z] Middleware called for: GET /api/bugs/98a8a517-0cae-4c3f-aa67-22254ec5e993
[2026-04-02T09:17:51.168Z] Path: /api/bugs/98a8a517-0cae-4c3f-aa67-22254ec5e993, Threats detected: 1
[2026-04-02T09:18:09.297Z] Middleware called for: POST /api/auth/login
[2026-04-02T09:18:09.299Z] Path: /api/auth/login, Threats detected: 1
[2026-04-02T09:18:10.024Z] Middleware called for: GET /api/bugs
[2026-04-02T09:18:10.027Z] Path: /api/bugs, Threats detected: 1
[2026-04-02T09:18:10.101Z] Middleware called for: GET /api/bugs
[2026-04-02T09:18:10.103Z] Path: /api/bugs, Threats detected: 1
[2026-04-02T09:18:12.054Z] Middleware called for: GET /api/bugs
[2026-04-02T09:18:12.058Z] Path: /api/bugs, Threats detected: 1
[2026-04-02T09:18:12.132Z] Middleware called for: GET /api/bugs
[2026-04-02T09:18:12.135Z] Path: /api/bugs, Threats detected: 1
[2026-04-02T09:18:22.493Z] Middleware called for: PATCH /api/bugs/98a8a517-0cae-4c3f-aa67-22254ec5e993
[2026-04-02T09:18:22.495Z] Path: /api/bugs/98a8a517-0cae-4c3f-aa67-22254ec5e993, Threats detected: 1
[2026-04-02T09:18:23.992Z] Middleware called for: GET /api/bugs
[2026-04-02T09:18:23.993Z] Path: /api/bugs, Threats detected: 1
[2026-04-02T09:18:36.128Z] Middleware called for: POST /api/auth/login
[2026-04-02T09:18:36.131Z] Path: /api/auth/login, Threats detected: 1
[2026-04-02T09:18:36.860Z] Middleware called for: GET /api/bugs
[2026-04-02T09:18:36.863Z] Path: /api/bugs, Threats detected: 1
[2026-04-02T09:18:36.919Z] Middleware called for: GET /api/bugs
[2026-04-02T09:18:36.921Z] Path: /api/bugs, Threats detected: 1
[2026-04-02T09:18:40.610Z] Middleware called for: GET /api/bugs
[2026-04-02T09:18:40.614Z] Path: /api/bugs, Threats detected: 1
[2026-04-02T09:18:40.655Z] Middleware called for: GET /api/bugs
[2026-04-02T09:18:40.657Z] Path: /api/bugs, Threats detected: 1
[2026-04-02T09:18:42.619Z] Middleware called for: GET /api/bugs
[2026-04-02T09:18:42.621Z] Path: /api/bugs, Threats detected: 1
[2026-04-02T09:19:00.080Z] Middleware called for: GET /api/bugs
[2026-04-02T09:19:00.083Z] Path: /api/bugs, Threats detected: 1
[2026-04-02T09:19:00.167Z] Middleware called for: GET /api/bugs
[2026-04-02T09:19:00.169Z] Path: /api/bugs, Threats detected: 1
[2026-04-02T09:59:26.797Z] Middleware called for: GET /api/bugs
[2026-04-02T09:59:26.799Z] Path: /api/bugs, Threats detected: 1
[2026-04-02T09:59:26.850Z] Middleware called for: GET /api/bugs
[2026-04-02T09:59:26.851Z] Path: /api/bugs, Threats detected: 1
[2026-04-02T15:33:13.292Z] Middleware called for: GET /api/bugs
[2026-04-02T15:33:13.298Z] Path: /api/bugs, Threats detected: 1
[2026-04-02T15:33:13.382Z] Middleware called for: GET /api/bugs
[2026-04-02T15:33:13.383Z] Path: /api/bugs, Threats detected: 1
[2026-04-03T14:05:56.416Z] Middleware called for: GET /api/bugs
[2026-04-03T14:05:56.421Z] Path: /api/bugs, Threats detected: 1
[2026-04-03T14:05:56.513Z] Middleware called for: GET /api/bugs
[2026-04-03T14:05:56.515Z] Path: /api/bugs, Threats detected: 1
[2026-04-03T14:25:41.701Z] Middleware called for: GET /api/bugs
[2026-04-03T14:25:41.703Z] Path: /api/bugs, Threats detected: 1
[2026-04-03T14:25:41.763Z] Middleware called for: GET /api/bugs
[2026-04-03T14:25:41.765Z] Path: /api/bugs, Threats detected: 1
[2026-04-03T15:18:09.134Z] Middleware called for: GET /api/bugs
[2026-04-03T15:18:09.138Z] Path: /api/bugs, Threats detected: 1
[2026-04-03T15:18:09.219Z] Middleware called for: GET /api/bugs
[2026-04-03T15:18:09.221Z] Path: /api/bugs, Threats detected: 1
[2026-04-05T17:58:29.479Z] Middleware called for: POST /api/auth/login
[2026-04-05T17:58:29.486Z] Path: /api/auth/login, Threats detected: 1
[2026-04-05T17:58:36.105Z] Middleware called for: POST /api/auth/login
[2026-04-05T17:58:36.110Z] Path: /api/auth/login, Threats detected: 1
[2026-04-05T17:59:15.549Z] Middleware called for: POST /api/auth/login
[2026-04-05T17:59:15.551Z] Path: /api/auth/login, Threats detected: 1
[2026-04-05T17:59:59.755Z] Middleware called for: GET /api/bugs
[2026-04-05T17:59:59.757Z] Path: /api/bugs, Threats detected: 1
[2026-04-05T18:00:00.036Z] Middleware called for: GET /api/bugs
[2026-04-05T18:00:00.040Z] Path: /api/bugs, Threats detected: 1
[2026-04-05T18:00:07.120Z] Middleware called for: GET /api/bugs
[2026-04-05T18:00:07.122Z] Path: /api/bugs, Threats detected: 1
[2026-04-05T18:00:07.357Z] Middleware called for: GET /api/bugs
[2026-04-05T18:00:07.359Z] Path: /api/bugs, Threats detected: 1
[2026-04-05T18:00:22.307Z] Middleware called for: POST /api/auth/login
[2026-04-05T18:00:22.309Z] Path: /api/auth/login, Threats detected: 1
[2026-04-05T18:01:25.590Z] Middleware called for: POST /api/auth/login
[2026-04-05T18:01:25.592Z] Path: /api/auth/login, Threats detected: 1
[2026-04-05T18:01:34.719Z] Middleware called for: POST /api/auth/login
[2026-04-05T18:01:34.721Z] Path: /api/auth/login, Threats detected: 1
[2026-04-05T18:01:36.619Z] Middleware called for: POST /api/auth/login
[2026-04-05T18:01:36.621Z] Path: /api/auth/login, Threats detected: 1
[2026-04-05T18:01:48.380Z] Middleware called for: POST /api/auth/login
[2026-04-05T18:01:48.383Z] Path: /api/auth/login, Threats detected: 1
[2026-04-05T18:02:07.320Z] Middleware called for: POST /api/auth/login
[2026-04-05T18:02:07.321Z] Path: /api/auth/login, Threats detected: 1
[2026-04-05T18:11:13.243Z] Middleware called for: POST /api/auth/login
[2026-04-05T18:11:13.245Z] Path: /api/auth/login, Threats detected: 1
[2026-04-05T18:11:13.908Z] Middleware called for: GET /api/bugs
[2026-04-05T18:11:13.911Z] Path: /api/bugs, Threats detected: 1
[2026-04-05T18:11:14.178Z] Middleware called for: GET /api/bugs
[2026-04-05T18:11:14.180Z] Path: /api/bugs, Threats detected: 1
[2026-04-05T18:11:59.441Z] Middleware called for: POST /api/bugs
[2026-04-05T18:11:59.443Z] Path: /api/bugs, Threats detected: 1
[2026-04-05T18:12:41.952Z] Middleware called for: POST /api/bugs
[2026-04-05T18:12:41.955Z] Path: /api/bugs, Threats detected: 1
[2026-04-05T18:13:44.361Z] Middleware called for: POST /api/bugs
[2026-04-05T18:13:44.364Z] Path: /api/bugs, Threats detected: 1
[2026-04-05T18:14:06.481Z] Middleware called for: POST /api/bugs
[2026-04-05T18:14:06.483Z] Path: /api/bugs, Threats detected: 1
[2026-04-05T18:14:40.751Z] Middleware called for: POST /api/auth/login
[2026-04-05T18:14:40.761Z] Path: /api/auth/login, Threats detected: 1
[2026-04-05T18:14:41.743Z] Middleware called for: GET /api/bugs
[2026-04-05T18:14:41.745Z] Path: /api/bugs, Threats detected: 1
[2026-04-05T18:14:41.959Z] Middleware called for: GET /api/bugs
[2026-04-05T18:14:41.961Z] Path: /api/bugs, Threats detected: 1
[2026-04-05T18:14:52.081Z] Middleware called for: GET /api/security/dashboard
[2026-04-05T18:14:52.084Z] Path: /api/security/dashboard, Threats detected: 1
[2026-04-05T18:14:52.155Z] Middleware called for: GET /api/security/audit-logs
[2026-04-05T18:14:52.158Z] Path: /api/security/audit-logs, Threats detected: 1
[2026-04-05T18:14:52.528Z] Middleware called for: GET /api/security/dashboard
[2026-04-05T18:14:52.530Z] Path: /api/security/dashboard, Threats detected: 1
[2026-04-05T18:14:52.550Z] Middleware called for: GET /api/security/audit-logs
[2026-04-05T18:14:52.551Z] Path: /api/security/audit-logs, Threats detected: 1
[2026-04-05T18:15:04.585Z] Middleware called for: GET /api/security/ml-analytics
[2026-04-05T18:15:04.587Z] Path: /api/security/ml-analytics, Threats detected: 1
[2026-04-05T18:15:04.802Z] Middleware called for: GET /api/security/ml-analytics
[2026-04-05T18:15:04.804Z] Path: /api/security/ml-analytics, Threats detected: 1
[2026-04-05T18:15:35.147Z] Middleware called for: POST /api/auth/login
[2026-04-05T18:15:35.149Z] Path: /api/auth/login, Threats detected: 1
[2026-04-05T18:15:35.629Z] Middleware called for: GET /api/bugs
[2026-04-05T18:15:35.631Z] Path: /api/bugs, Threats detected: 1
[2026-04-05T18:15:35.829Z] Middleware called for: GET /api/bugs
[2026-04-05T18:15:35.831Z] Path: /api/bugs, Threats detected: 1
[2026-04-05T18:17:17.294Z] Middleware called for: POST /api/auth/login
[2026-04-05T18:17:17.301Z] Path: /api/auth/login, Threats detected: 1
[2026-04-05T18:17:18.019Z] Middleware called for: GET /api/bugs
[2026-04-05T18:17:18.022Z] Path: /api/bugs, Threats detected: 1
[2026-04-05T18:17:18.389Z] Middleware called for: GET /api/bugs
[2026-04-05T18:17:18.391Z] Path: /api/bugs, Threats detected: 1
[2026-04-05T18:17:40.313Z] Middleware called for: POST /api/bugs
[2026-04-05T18:17:40.315Z] Path: /api/bugs, Threats detected: 1
[2026-04-05T18:17:40.721Z] Middleware called for: POST /api/bugs/108c0235-69f6-432d-9c70-170ea7b3bd5f/assign
[2026-04-05T18:17:40.723Z] Path: /api/bugs/108c0235-69f6-432d-9c70-170ea7b3bd5f/assign, Threats detected: 1
[2026-04-05T18:17:42.280Z] Middleware called for: GET /api/bugs/108c0235-69f6-432d-9c70-170ea7b3bd5f
[2026-04-05T18:17:42.282Z] Path: /api/bugs/108c0235-69f6-432d-9c70-170ea7b3bd5f, Threats detected: 1
[2026-04-05T18:17:42.529Z] Middleware called for: GET /api/bugs/108c0235-69f6-432d-9c70-170ea7b3bd5f
[2026-04-05T18:17:42.538Z] Path: /api/bugs/108c0235-69f6-432d-9c70-170ea7b3bd5f, Threats detected: 1
[2026-04-05T18:18:01.722Z] Middleware called for: POST /api/auth/login
[2026-04-05T18:18:01.725Z] Path: /api/auth/login, Threats detected: 1
[2026-04-05T18:18:02.274Z] Middleware called for: GET /api/bugs
[2026-04-05T18:18:02.276Z] Path: /api/bugs, Threats detected: 1
[2026-04-05T18:18:02.585Z] Middleware called for: GET /api/bugs
[2026-04-05T18:18:02.587Z] Path: /api/bugs, Threats detected: 1
[2026-04-05T18:18:12.596Z] Middleware called for: GET /api/bugs
[2026-04-05T18:18:12.599Z] Path: /api/bugs, Threats detected: 1
[2026-04-05T18:18:12.990Z] Middleware called for: GET /api/bugs
[2026-04-05T18:18:12.993Z] Path: /api/bugs, Threats detected: 1
[2026-04-05T18:18:55.140Z] Middleware called for: PATCH /api/bugs/108c0235-69f6-432d-9c70-170ea7b3bd5f
[2026-04-05T18:18:55.143Z] Path: /api/bugs/108c0235-69f6-432d-9c70-170ea7b3bd5f, Threats detected: 1
[2026-04-05T18:18:55.597Z] Middleware called for: POST /api/comments
[2026-04-05T18:18:55.600Z] Path: /api/comments, Threats detected: 1
[2026-04-05T18:18:57.320Z] Middleware called for: GET /api/bugs
[2026-04-05T18:18:57.322Z] Path: /api/bugs, Threats detected: 1
[2026-04-05T18:19:18.197Z] Middleware called for: POST /api/auth/login
[2026-04-05T18:19:18.200Z] Path: /api/auth/login, Threats detected: 1
[2026-04-05T18:19:18.663Z] Middleware called for: GET /api/bugs
[2026-04-05T18:19:18.667Z] Path: /api/bugs, Threats detected: 1
[2026-04-05T18:19:18.955Z] Middleware called for: GET /api/bugs
[2026-04-05T18:19:18.957Z] Path: /api/bugs, Threats detected: 1
[2026-04-05T18:19:28.322Z] Middleware called for: GET /api/bugs
[2026-04-05T18:19:28.324Z] Path: /api/bugs, Threats detected: 1
[2026-04-05T18:19:28.590Z] Middleware called for: GET /api/bugs
[2026-04-05T18:19:28.592Z] Path: /api/bugs, Threats detected: 1
[2026-04-05T18:19:34.837Z] Middleware called for: GET /api/bugs
[2026-04-05T18:19:34.839Z] Path: /api/bugs, Threats detected: 1
[2026-04-05T18:19:42.262Z] Middleware called for: GET /api/bugs
[2026-04-05T18:19:42.264Z] Path: /api/bugs, Threats detected: 1
[2026-04-05T18:20:20.257Z] Middleware called for: GET /api/bugs
[2026-04-05T18:20:20.259Z] Path: /api/bugs, Threats detected: 1
[2026-04-05T18:20:28.146Z] Middleware called for: GET /api/bugs
[2026-04-05T18:20:28.148Z] Path: /api/bugs, Threats detected: 1
[2026-04-05T18:20:44.173Z] Middleware called for: POST /api/auth/login
[2026-04-05T18:20:44.175Z] Path: /api/auth/login, Threats detected: 1
[2026-04-05T18:20:44.740Z] Middleware called for: GET /api/bugs
[2026-04-05T18:20:44.742Z] Path: /api/bugs, Threats detected: 1
[2026-04-05T18:20:45.023Z] Middleware called for: GET /api/bugs
[2026-04-05T18:20:45.025Z] Path: /api/bugs, Threats detected: 1
[2026-04-05T18:20:54.461Z] Middleware called for: GET /api/security/dashboard
[2026-04-05T18:20:54.464Z] Path: /api/security/dashboard, Threats detected: 1
[2026-04-05T18:20:54.518Z] Middleware called for: GET /api/security/audit-logs
[2026-04-05T18:20:54.520Z] Path: /api/security/audit-logs, Threats detected: 1
[2026-04-05T18:20:54.887Z] Middleware called for: GET /api/security/audit-logs
[2026-04-05T18:20:54.889Z] Path: /api/security/audit-logs, Threats detected: 1
[2026-04-05T18:20:54.927Z] Middleware called for: GET /api/security/dashboard
[2026-04-05T18:20:54.932Z] Path: /api/security/dashboard, Threats detected: 1
[2026-04-05T18:21:07.222Z] Middleware called for: GET /api/security/ml-analytics
[2026-04-05T18:21:07.226Z] Path: /api/security/ml-analytics, Threats detected: 1
[2026-04-05T18:21:07.479Z] Middleware called for: GET /api/security/ml-analytics
[2026-04-05T18:21:07.482Z] Path: /api/security/ml-analytics, Threats detected: 1
[2026-04-05T18:22:44.268Z] Middleware called for: POST /api/auth/login
[2026-04-05T18:22:44.270Z] Path: /api/auth/login, Threats detected: 1
[2026-04-05T18:22:56.085Z] Middleware called for: POST /api/auth/login
[2026-04-05T18:22:56.087Z] Path: /api/auth/login, Threats detected: 1
[2026-04-05T18:23:07.377Z] Middleware called for: POST /api/auth/login
[2026-04-05T18:23:07.379Z] Path: /api/auth/login, Threats detected: 1
[2026-04-05T18:24:17.171Z] Middleware called for: POST /api/auth/login
[2026-04-05T18:24:17.173Z] Path: /api/auth/login, Threats detected: 1
[2026-04-05T18:24:17.559Z] Middleware called for: GET /api/bugs
[2026-04-05T18:24:17.561Z] Path: /api/bugs, Threats detected: 1
[2026-04-05T18:24:17.811Z] Middleware called for: GET /api/bugs
[2026-04-05T18:24:17.812Z] Path: /api/bugs, Threats detected: 1
[2026-04-05T18:24:22.796Z] Middleware called for: GET /api/bugs/108c0235-69f6-432d-9c70-170ea7b3bd5f
[2026-04-05T18:24:22.798Z] Path: /api/bugs/108c0235-69f6-432d-9c70-170ea7b3bd5f, Threats detected: 1
[2026-04-05T18:24:22.999Z] Middleware called for: GET /api/bugs/108c0235-69f6-432d-9c70-170ea7b3bd5f
[2026-04-05T18:24:23.001Z] Path: /api/bugs/108c0235-69f6-432d-9c70-170ea7b3bd5f, Threats detected: 1
[2026-04-05T18:24:34.719Z] Middleware called for: POST /api/comments
[2026-04-05T18:24:34.721Z] Path: /api/comments, Threats detected: 1
[2026-04-05T18:24:34.994Z] Middleware called for: GET /api/bugs/108c0235-69f6-432d-9c70-170ea7b3bd5f
[2026-04-05T18:24:34.996Z] Path: /api/bugs/108c0235-69f6-432d-9c70-170ea7b3bd5f, Threats detected: 1
[2026-04-05T18:24:51.729Z] Middleware called for: POST /api/auth/login
[2026-04-05T18:24:51.731Z] Path: /api/auth/login, Threats detected: 1
[2026-04-05T18:24:59.689Z] Middleware called for: POST /api/auth/login
[2026-04-05T18:24:59.691Z] Path: /api/auth/login, Threats detected: 1
[2026-04-05T18:25:00.084Z] Middleware called for: GET /api/bugs
[2026-04-05T18:25:00.086Z] Path: /api/bugs, Threats detected: 1
[2026-04-05T18:25:00.349Z] Middleware called for: GET /api/bugs
[2026-04-05T18:25:00.351Z] Path: /api/bugs, Threats detected: 1
[2026-04-05T18:25:04.914Z] Middleware called for: GET /api/bugs
[2026-04-05T18:25:04.916Z] Path: /api/bugs, Threats detected: 1
[2026-04-05T18:25:05.136Z] Middleware called for: GET /api/bugs
[2026-04-05T18:25:05.141Z] Path: /api/bugs, Threats detected: 1
[2026-04-05T18:25:21.046Z] Middleware called for: PATCH /api/bugs/108c0235-69f6-432d-9c70-170ea7b3bd5f
[2026-04-05T18:25:21.048Z] Path: /api/bugs/108c0235-69f6-432d-9c70-170ea7b3bd5f, Threats detected: 1
[2026-04-05T18:25:21.379Z] Middleware called for: POST /api/comments
[2026-04-05T18:25:21.381Z] Path: /api/comments, Threats detected: 1
[2026-04-05T18:25:23.094Z] Middleware called for: GET /api/bugs
[2026-04-05T18:25:23.095Z] Path: /api/bugs, Threats detected: 1
[2026-04-05T18:25:40.485Z] Middleware called for: POST /api/auth/login
[2026-04-05T18:25:40.487Z] Path: /api/auth/login, Threats detected: 1
[2026-04-05T18:25:53.300Z] Middleware called for: POST /api/auth/login
[2026-04-05T18:25:53.301Z] Path: /api/auth/login, Threats detected: 1
[2026-04-05T18:26:08.947Z] Middleware called for: POST /api/auth/login
[2026-04-05T18:26:08.949Z] Path: /api/auth/login, Threats detected: 1
[2026-04-05T18:28:54.940Z] Middleware called for: POST /api/auth/login
[2026-04-05T18:28:54.946Z] Path: /api/auth/login, Threats detected: 1
[2026-04-05T18:28:55.461Z] Middleware called for: GET /api/bugs
[2026-04-05T18:28:55.471Z] Path: /api/bugs, Threats detected: 1
[2026-04-05T18:28:55.737Z] Middleware called for: GET /api/bugs
[2026-04-05T18:28:55.740Z] Path: /api/bugs, Threats detected: 1
[2026-04-05T18:29:01.219Z] Middleware called for: GET /api/security/dashboard
[2026-04-05T18:29:01.221Z] Path: /api/security/dashboard, Threats detected: 1
[2026-04-05T18:29:01.273Z] Middleware called for: GET /api/security/audit-logs
[2026-04-05T18:29:01.275Z] Path: /api/security/audit-logs, Threats detected: 1
[2026-04-05T18:29:01.568Z] Middleware called for: GET /api/security/dashboard
[2026-04-05T18:29:01.570Z] Path: /api/security/dashboard, Threats detected: 1
[2026-04-05T18:29:01.575Z] Middleware called for: GET /api/security/audit-logs
[2026-04-05T18:29:01.577Z] Path: /api/security/audit-logs, Threats detected: 1
[2026-04-05T18:29:12.025Z] Middleware called for: GET /api/security/ml-analytics
[2026-04-05T18:29:12.027Z] Path: /api/security/ml-analytics, Threats detected: 1
[2026-04-05T18:29:12.254Z] Middleware called for: GET /api/security/ml-analytics
[2026-04-05T18:29:12.256Z] Path: /api/security/ml-analytics, Threats detected: 1
[2026-04-05T18:29:59.429Z] Middleware called for: GET /api/security/dashboard
[2026-04-05T18:29:59.431Z] Path: /api/security/dashboard, Threats detected: 1
[2026-04-05T18:29:59.436Z] Middleware called for: GET /api/security/audit-logs
[2026-04-05T18:29:59.437Z] Path: /api/security/audit-logs, Threats detected: 1
[2026-04-05T18:29:59.743Z] Middleware called for: GET /api/security/audit-logs
[2026-04-05T18:29:59.745Z] Path: /api/security/audit-logs, Threats detected: 1
[2026-04-05T18:29:59.749Z] Middleware called for: GET /api/security/dashboard
[2026-04-05T18:29:59.751Z] Path: /api/security/dashboard, Threats detected: 1
[2026-04-05T18:30:17.772Z] Middleware called for: POST /api/auth/login
[2026-04-05T18:30:17.773Z] Path: /api/auth/login, Threats detected: 1
[2026-04-05T18:30:18.132Z] Middleware called for: GET /api/bugs
[2026-04-05T18:30:18.134Z] Path: /api/bugs, Threats detected: 1
[2026-04-05T18:30:18.352Z] Middleware called for: GET /api/bugs
[2026-04-05T18:30:18.354Z] Path: /api/bugs, Threats detected: 1
[2026-04-05T18:30:21.568Z] Middleware called for: GET /api/bugs
[2026-04-05T18:30:21.570Z] Path: /api/bugs, Threats detected: 1
[2026-04-05T18:30:21.737Z] Middleware called for: GET /api/bugs
[2026-04-05T18:30:21.739Z] Path: /api/bugs, Threats detected: 1
[2026-04-05T18:30:27.974Z] Middleware called for: GET /api/bugs
[2026-04-05T18:30:27.975Z] Path: /api/bugs, Threats detected: 1
[2026-04-05T18:30:29.850Z] Middleware called for: GET /api/bugs
[2026-04-05T18:30:29.852Z] Path: /api/bugs, Threats detected: 1
[2026-04-05T18:30:30.257Z] Middleware called for: GET /api/bugs
[2026-04-05T18:30:30.259Z] Path: /api/bugs, Threats detected: 1
[2026-04-05T18:30:30.448Z] Middleware called for: GET /api/bugs
[2026-04-05T18:30:30.449Z] Path: /api/bugs, Threats detected: 1
[2026-04-05T18:30:30.640Z] Middleware called for: GET /api/bugs
[2026-04-05T18:30:30.641Z] Path: /api/bugs, Threats detected: 1
[2026-04-05T18:30:30.822Z] Middleware called for: GET /api/bugs
[2026-04-05T18:30:30.824Z] Path: /api/bugs, Threats detected: 1
[2026-04-05T18:30:31.028Z] Middleware called for: GET /api/bugs
[2026-04-05T18:30:31.030Z] Path: /api/bugs, Threats detected: 1
[2026-04-05T18:30:46.644Z] Middleware called for: POST /api/auth/login
[2026-04-05T18:30:46.645Z] Path: /api/auth/login, Threats detected: 1
[2026-04-05T18:30:55.904Z] Middleware called for: POST /api/auth/login
[2026-04-05T18:30:55.906Z] Path: /api/auth/login, Threats detected: 1
[2026-04-05T18:30:56.258Z] Middleware called for: GET /api/bugs
[2026-04-05T18:30:56.260Z] Path: /api/bugs, Threats detected: 1
[2026-04-05T18:30:56.457Z] Middleware called for: GET /api/bugs
[2026-04-05T18:30:56.458Z] Path: /api/bugs, Threats detected: 1
[2026-04-05T18:31:17.560Z] Middleware called for: POST /api/auth/login
[2026-04-05T18:31:17.562Z] Path: /api/auth/login, Threats detected: 1
[2026-04-05T18:31:17.930Z] Middleware called for: GET /api/bugs
[2026-04-05T18:31:17.932Z] Path: /api/bugs, Threats detected: 1
[2026-04-05T18:31:18.138Z] Middleware called for: GET /api/bugs
[2026-04-05T18:31:18.140Z] Path: /api/bugs, Threats detected: 1
[2026-04-05T18:31:20.606Z] Middleware called for: GET /api/bugs
[2026-04-05T18:31:20.607Z] Path: /api/bugs, Threats detected: 1
[2026-04-05T18:31:20.789Z] Middleware called for: GET /api/bugs
[2026-04-05T18:31:20.791Z] Path: /api/bugs, Threats detected: 1
[2026-04-05T18:31:24.799Z] Middleware called for: GET /api/bugs
[2026-04-05T18:31:24.800Z] Path: /api/bugs, Threats detected: 1
[2026-04-05T18:31:25.003Z] Middleware called for: GET /api/bugs
[2026-04-05T18:31:25.006Z] Path: /api/bugs, Threats detected: 1
[2026-04-05T18:31:29.709Z] Middleware called for: GET /api/bugs
[2026-04-05T18:31:29.711Z] Path: /api/bugs, Threats detected: 1
[2026-04-05T18:31:29.884Z] Middleware called for: GET /api/bugs
[2026-04-05T18:31:29.885Z] Path: /api/bugs, Threats detected: 1
[2026-04-05T18:31:35.566Z] Middleware called for: GET /api/bugs
[2026-04-05T18:31:35.568Z] Path: /api/bugs, Threats detected: 1
[2026-04-05T18:31:36.335Z] Middleware called for: GET /api/bugs
[2026-04-05T18:31:36.339Z] Path: /api/bugs, Threats detected: 1
[2026-04-05T18:35:39.439Z] Middleware called for: GET /api/bugs
[2026-04-05T18:35:39.445Z] Path: /api/bugs, Threats detected: 1
[2026-04-05T18:35:39.713Z] Middleware called for: GET /api/bugs
[2026-04-05T18:35:39.715Z] Path: /api/bugs, Threats detected: 1
[2026-04-05T18:35:41.365Z] Middleware called for: GET /api/bugs
[2026-04-05T18:35:41.367Z] Path: /api/bugs, Threats detected: 1
[2026-04-05T18:35:41.558Z] Middleware called for: GET /api/bugs
[2026-04-05T18:35:41.560Z] Path: /api/bugs, Threats detected: 1
[2026-04-05T18:35:59.947Z] Middleware called for: POST /api/auth/login
[2026-04-05T18:35:59.949Z] Path: /api/auth/login, Threats detected: 1
[2026-04-05T18:36:00.335Z] Middleware called for: GET /api/bugs
[2026-04-05T18:36:00.336Z] Path: /api/bugs, Threats detected: 1
[2026-04-05T18:36:00.573Z] Middleware called for: GET /api/bugs
[2026-04-05T18:36:00.575Z] Path: /api/bugs, Threats detected: 1
[2026-04-05T18:36:28.862Z] Middleware called for: GET /api/bugs
[2026-04-05T18:36:28.864Z] Path: /api/bugs, Threats detected: 1
[2026-04-05T18:36:29.053Z] Middleware called for: GET /api/bugs
[2026-04-05T18:36:29.055Z] Path: /api/bugs, Threats detected: 1
[2026-04-05T18:36:33.010Z] Middleware called for: GET /api/bugs
[2026-04-05T18:36:33.013Z] Path: /api/bugs, Threats detected: 1
[2026-04-05T18:36:33.217Z] Middleware called for: GET /api/bugs
[2026-04-05T18:36:33.219Z] Path: /api/bugs, Threats detected: 1
[2026-04-05T18:37:11.999Z] Middleware called for: GET /api/bugs
[2026-04-05T18:37:12.001Z] Path: /api/bugs, Threats detected: 1
[2026-04-05T18:37:12.223Z] Middleware called for: GET /api/bugs
[2026-04-05T18:37:12.225Z] Path: /api/bugs, Threats detected: 1
[2026-04-05T18:37:14.495Z] Middleware called for: GET /api/bugs
[2026-04-05T18:37:14.497Z] Path: /api/bugs, Threats detected: 1
[2026-04-05T18:37:14.983Z] Middleware called for: GET /api/bugs
[2026-04-05T18:37:14.985Z] Path: /api/bugs, Threats detected: 1
[2026-04-05T18:37:15.497Z] Middleware called for: GET /api/bugs
[2026-04-05T18:37:15.499Z] Path: /api/bugs, Threats detected: 1
[2026-04-05T18:37:15.699Z] Middleware called for: GET /api/bugs
[2026-04-05T18:37:15.700Z] Path: /api/bugs, Threats detected: 1
[2026-04-05T18:37:16.162Z] Middleware called for: GET /api/bugs
[2026-04-05T18:37:16.165Z] Path: /api/bugs, Threats detected: 1
[2026-04-05T18:37:16.591Z] Middleware called for: GET /api/bugs
[2026-04-05T18:37:16.593Z] Path: /api/bugs, Threats detected: 1
[2026-04-05T18:37:16.824Z] Middleware called for: GET /api/bugs
[2026-04-05T18:37:16.826Z] Path: /api/bugs, Threats detected: 1
[2026-04-05T18:37:17.048Z] Middleware called for: GET /api/bugs
[2026-04-05T18:37:17.049Z] Path: /api/bugs, Threats detected: 1
[2026-04-05T18:39:32.313Z] Middleware called for: GET /api/bugs
[2026-04-05T18:39:32.314Z] Path: /api/bugs, Threats detected: 1
[2026-04-05T18:39:32.578Z] Middleware called for: GET /api/bugs
[2026-04-05T18:39:32.580Z] Path: /api/bugs, Threats detected: 1
[2026-04-05T18:39:34.047Z] Middleware called for: GET /api/bugs/108c0235-69f6-432d-9c70-170ea7b3bd5f
[2026-04-05T18:39:34.049Z] Path: /api/bugs/108c0235-69f6-432d-9c70-170ea7b3bd5f, Threats detected: 1
[2026-04-05T18:39:34.260Z] Middleware called for: GET /api/bugs/108c0235-69f6-432d-9c70-170ea7b3bd5f
[2026-04-05T18:39:34.262Z] Path: /api/bugs/108c0235-69f6-432d-9c70-170ea7b3bd5f, Threats detected: 1
[2026-04-05T18:39:51.626Z] Middleware called for: POST /api/comments
[2026-04-05T18:39:51.628Z] Path: /api/comments, Threats detected: 1
[2026-04-05T18:39:51.896Z] Middleware called for: GET /api/bugs/108c0235-69f6-432d-9c70-170ea7b3bd5f
[2026-04-05T18:39:51.898Z] Path: /api/bugs/108c0235-69f6-432d-9c70-170ea7b3bd5f, Threats detected: 1
[2026-04-05T18:40:08.289Z] Middleware called for: POST /api/auth/login
[2026-04-05T18:40:08.290Z] Path: /api/auth/login, Threats detected: 1
[2026-04-05T18:40:08.724Z] Middleware called for: GET /api/bugs
[2026-04-05T18:40:08.726Z] Path: /api/bugs, Threats detected: 1
[2026-04-05T18:40:08.977Z] Middleware called for: GET /api/bugs
[2026-04-05T18:40:08.979Z] Path: /api/bugs, Threats detected: 1
[2026-04-05T18:40:12.691Z] Middleware called for: GET /api/bugs
[2026-04-05T18:40:12.693Z] Path: /api/bugs, Threats detected: 1
[2026-04-05T18:40:12.908Z] Middleware called for: GET /api/bugs
[2026-04-05T18:40:12.909Z] Path: /api/bugs, Threats detected: 1
[2026-04-05T18:40:19.214Z] Middleware called for: GET /api/bugs/108c0235-69f6-432d-9c70-170ea7b3bd5f
[2026-04-05T18:40:19.215Z] Path: /api/bugs/108c0235-69f6-432d-9c70-170ea7b3bd5f, Threats detected: 1
[2026-04-05T18:40:19.425Z] Middleware called for: GET /api/bugs/108c0235-69f6-432d-9c70-170ea7b3bd5f
[2026-04-05T18:40:19.427Z] Path: /api/bugs/108c0235-69f6-432d-9c70-170ea7b3bd5f, Threats detected: 1
[2026-04-05T18:40:23.590Z] Middleware called for: GET /api/bugs
[2026-04-05T18:40:23.592Z] Path: /api/bugs, Threats detected: 1
[2026-04-05T18:40:23.792Z] Middleware called for: GET /api/bugs
[2026-04-05T18:40:23.794Z] Path: /api/bugs, Threats detected: 1
[2026-04-05T18:40:25.444Z] Middleware called for: GET /api/bugs
[2026-04-05T18:40:25.446Z] Path: /api/bugs, Threats detected: 1
[2026-04-05T18:40:25.640Z] Middleware called for: GET /api/bugs
[2026-04-05T18:40:25.642Z] Path: /api/bugs, Threats detected: 1
[2026-04-05T19:01:11.594Z] Middleware called for: GET /api/bugs
[2026-04-05T19:01:11.600Z] Path: /api/bugs, Threats detected: 1
[2026-04-05T19:01:11.873Z] Middleware called for: GET /api/bugs
[2026-04-05T19:01:11.875Z] Path: /api/bugs, Threats detected: 1
[2026-04-05T19:04:44.206Z] Middleware called for: GET /api/bugs
[2026-04-05T19:04:44.211Z] Path: /api/bugs, Threats detected: 1
[2026-04-05T19:04:44.234Z] Middleware called for: GET /api/security/ml-analytics
[2026-04-05T19:04:44.236Z] Path: /api/security/ml-analytics, Threats detected: 1
[2026-04-05T19:06:18.093Z] Middleware called for: GET /api/bugs
[2026-04-05T19:06:18.095Z] Path: /api/bugs, Threats detected: 1
[2026-04-05T19:06:18.098Z] Middleware called for: GET /api/security/ml-analytics
[2026-04-05T19:06:18.100Z] Path: /api/security/ml-analytics, Threats detected: 1
[2026-04-05T19:06:18.424Z] Middleware called for: GET /api/security/ml-analytics
[2026-04-05T19:06:18.426Z] Path: /api/security/ml-analytics, Threats detected: 1
[2026-04-05T19:06:18.440Z] Middleware called for: GET /api/bugs
[2026-04-05T19:06:18.442Z] Path: /api/bugs, Threats detected: 1
[2026-04-05T19:06:37.990Z] Middleware called for: POST /api/auth/login
[2026-04-05T19:06:37.991Z] Path: /api/auth/login, Threats detected: 1
[2026-04-05T19:06:39.254Z] Middleware called for: POST /api/auth/login
[2026-04-05T19:06:39.258Z] Path: /api/auth/login, Threats detected: 1
[2026-04-05T19:06:39.398Z] Middleware called for: POST /api/auth/login
[2026-04-05T19:06:39.400Z] Path: /api/auth/login, Threats detected: 1
[2026-04-05T19:06:39.788Z] Middleware called for: GET /api/bugs
[2026-04-05T19:06:39.790Z] Path: /api/bugs, Threats detected: 1
[2026-04-05T19:06:40.041Z] Middleware called for: GET /api/bugs
[2026-04-05T19:06:40.043Z] Path: /api/bugs, Threats detected: 1
[2026-04-05T19:06:40.250Z] Middleware called for: GET /api/bugs
[2026-04-05T19:06:40.253Z] Path: /api/bugs, Threats detected: 1
[2026-04-05T19:06:40.477Z] Middleware called for: GET /api/bugs
[2026-04-05T19:06:40.479Z] Path: /api/bugs, Threats detected: 1
[2026-04-05T19:07:30.175Z] Middleware called for: GET /api/bugs
[2026-04-05T19:07:30.184Z] Path: /api/bugs, Threats detected: 1
[2026-04-05T19:07:30.559Z] Middleware called for: GET /api/bugs
[2026-04-05T19:07:30.565Z] Path: /api/bugs, Threats detected: 1
[2026-04-05T19:08:23.829Z] Middleware called for: POST /api/auth/login
[2026-04-05T19:08:23.831Z] Path: /api/auth/login, Threats detected: 1
[2026-04-05T19:08:39.990Z] Middleware called for: POST /api/auth/login
[2026-04-05T19:08:39.993Z] Path: /api/auth/login, Threats detected: 1
[2026-04-05T19:08:58.761Z] Middleware called for: POST /api/auth/login
[2026-04-05T19:08:58.764Z] Path: /api/auth/login, Threats detected: 1
[2026-04-05T19:09:11.689Z] Middleware called for: POST /api/auth/login
[2026-04-05T19:09:11.694Z] Path: /api/auth/login, Threats detected: 1
[2026-04-05T19:09:31.274Z] Middleware called for: POST /api/auth/login
[2026-04-05T19:09:31.278Z] Path: /api/auth/login, Threats detected: 1
[2026-04-05T19:09:37.069Z] Middleware called for: POST /api/auth/login
[2026-04-05T19:09:37.071Z] Path: /api/auth/login, Threats detected: 1
[2026-04-05T19:09:44.151Z] Middleware called for: POST /api/auth/login
[2026-04-05T19:09:44.170Z] Path: /api/auth/login, Threats detected: 1
[2026-04-05T19:10:26.797Z] Middleware called for: POST /api/auth/login
[2026-04-05T19:10:26.804Z] Path: /api/auth/login, Threats detected: 1
[2026-04-05T19:12:41.656Z] Middleware called for: POST /api/auth/signup
[2026-04-05T19:12:41.669Z] Path: /api/auth/signup, Threats detected: 1
[2026-04-05T19:13:03.833Z] Middleware called for: POST /api/auth/login
[2026-04-05T19:13:03.843Z] Path: /api/auth/login, Threats detected: 1
[2026-04-05T19:13:16.420Z] Middleware called for: POST /api/auth/login
[2026-04-05T19:13:16.425Z] Path: /api/auth/login, Threats detected: 1
[2026-04-05T19:13:23.535Z] Middleware called for: POST /api/auth/login
[2026-04-05T19:13:23.538Z] Path: /api/auth/login, Threats detected: 1
[2026-04-05T19:13:53.116Z] Middleware called for: POST /api/auth/login
[2026-04-05T19:13:53.120Z] Path: /api/auth/login, Threats detected: 1
[2026-04-05T19:14:48.192Z] Middleware called for: POST /api/auth/signup
[2026-04-05T19:14:48.198Z] Path: /api/auth/signup, Threats detected: 1
[2026-04-05T19:15:21.042Z] Middleware called for: POST /api/auth/login
[2026-04-05T19:15:21.061Z] Path: /api/auth/login, Threats detected: 1
[2026-04-05T19:15:37.336Z] Middleware called for: POST /api/auth/login
[2026-04-05T19:15:37.340Z] Path: /api/auth/login, Threats detected: 1
[2026-04-05T19:28:49.848Z] Middleware called for: POST /api/auth/login
[2026-04-05T19:28:49.855Z] Path: /api/auth/login, Threats detected: 1
[2026-04-05T19:28:50.515Z] Middleware called for: GET /api/bugs
[2026-04-05T19:28:50.518Z] Path: /api/bugs, Threats detected: 1
[2026-04-05T19:28:50.577Z] Middleware called for: GET /api/security/ml-analytics
[2026-04-05T19:28:50.580Z] Path: /api/security/ml-analytics, Threats detected: 1
[2026-04-05T19:28:51.000Z] Middleware called for: GET /api/security/ml-analytics
[2026-04-05T19:28:51.003Z] Path: /api/security/ml-analytics, Threats detected: 1
[2026-04-05T19:28:51.024Z] Middleware called for: GET /api/bugs
[2026-04-05T19:28:51.029Z] Path: /api/bugs, Threats detected: 1
[2026-04-05T19:29:00.783Z] Middleware called for: GET /api/bugs
[2026-04-05T19:29:00.786Z] Path: /api/bugs, Threats detected: 1
[2026-04-05T19:29:01.037Z] Middleware called for: GET /api/bugs
[2026-04-05T19:29:01.039Z] Path: /api/bugs, Threats detected: 1
[2026-04-05T19:29:07.629Z] Middleware called for: GET /api/bugs
[2026-04-05T19:29:07.631Z] Path: /api/bugs, Threats detected: 1
[2026-04-05T19:29:07.639Z] Middleware called for: GET /api/security/ml-analytics
[2026-04-05T19:29:07.640Z] Path: /api/security/ml-analytics, Threats detected: 1
[2026-04-05T19:29:07.958Z] Middleware called for: GET /api/security/ml-analytics
[2026-04-05T19:29:07.960Z] Path: /api/security/ml-analytics, Threats detected: 1
[2026-04-05T19:29:07.977Z] Middleware called for: GET /api/bugs
[2026-04-05T19:29:07.978Z] Path: /api/bugs, Threats detected: 1
[2026-04-05T19:29:33.175Z] Middleware called for: POST /api/auth/login
[2026-04-05T19:29:33.177Z] Path: /api/auth/login, Threats detected: 1
[2026-04-05T19:29:33.580Z] Middleware called for: GET /api/bugs
[2026-04-05T19:29:33.582Z] Path: /api/bugs, Threats detected: 1
[2026-04-05T19:29:33.813Z] Middleware called for: GET /api/bugs
[2026-04-05T19:29:33.814Z] Path: /api/bugs, Threats detected: 1
[2026-04-05T19:29:44.481Z] Middleware called for: GET /api/bugs
[2026-04-05T19:29:44.483Z] Path: /api/bugs, Threats detected: 1
[2026-04-05T19:29:44.717Z] Middleware called for: GET /api/bugs
[2026-04-05T19:29:44.719Z] Path: /api/bugs, Threats detected: 1
[2026-04-05T19:29:50.852Z] Middleware called for: GET /api/bugs
[2026-04-05T19:29:50.855Z] Path: /api/bugs, Threats detected: 1
[2026-04-05T19:29:51.106Z] Middleware called for: GET /api/bugs
[2026-04-05T19:29:51.108Z] Path: /api/bugs, Threats detected: 1
[2026-04-05T19:30:10.666Z] Middleware called for: POST /api/auth/login
[2026-04-05T19:30:10.668Z] Path: /api/auth/login, Threats detected: 1
[2026-04-05T19:30:11.028Z] Middleware called for: GET /api/bugs
[2026-04-05T19:30:11.030Z] Path: /api/bugs, Threats detected: 1
[2026-04-05T19:30:11.274Z] Middleware called for: GET /api/bugs
[2026-04-05T19:30:11.276Z] Path: /api/bugs, Threats detected: 1
[2026-04-05T19:30:15.648Z] Middleware called for: GET /api/bugs
[2026-04-05T19:30:15.650Z] Path: /api/bugs, Threats detected: 1
[2026-04-05T19:30:15.900Z] Middleware called for: GET /api/bugs
[2026-04-05T19:30:15.902Z] Path: /api/bugs, Threats detected: 1
[2026-04-05T19:30:18.712Z] Middleware called for: GET /api/bugs/108c0235-69f6-432d-9c70-170ea7b3bd5f
[2026-04-05T19:30:18.714Z] Path: /api/bugs/108c0235-69f6-432d-9c70-170ea7b3bd5f, Threats detected: 1
[2026-04-05T19:30:18.926Z] Middleware called for: GET /api/bugs/108c0235-69f6-432d-9c70-170ea7b3bd5f
[2026-04-05T19:30:18.927Z] Path: /api/bugs/108c0235-69f6-432d-9c70-170ea7b3bd5f, Threats detected: 1
[2026-04-05T19:30:31.641Z] Middleware called for: POST /api/auth/login
[2026-04-05T19:30:31.643Z] Path: /api/auth/login, Threats detected: 1
[2026-04-05T19:30:32.024Z] Middleware called for: GET /api/bugs
[2026-04-05T19:30:32.026Z] Path: /api/bugs, Threats detected: 1
[2026-04-05T19:30:32.217Z] Middleware called for: GET /api/bugs
[2026-04-05T19:30:32.219Z] Path: /api/bugs, Threats detected: 1
[2026-04-05T19:31:38.550Z] Middleware called for: GET /api/security/ml-analytics
[2026-04-05T19:31:38.552Z] Path: /api/security/ml-analytics, Threats detected: 1
[2026-04-05T19:31:38.770Z] Middleware called for: GET /api/security/ml-analytics
[2026-04-05T19:31:38.772Z] Path: /api/security/ml-analytics, Threats detected: 1
[2026-04-05T19:45:28.147Z] Middleware called for: POST /api/auth/login
[2026-04-05T19:45:28.154Z] Path: /api/auth/login, Threats detected: 1
[2026-04-05T19:45:28.552Z] Middleware called for: GET /api/security/ml-analytics
[2026-04-05T19:45:28.555Z] Path: /api/security/ml-analytics, Threats detected: 1
[2026-04-05T19:45:28.593Z] Middleware called for: GET /api/bugs
[2026-04-05T19:45:28.595Z] Path: /api/bugs, Threats detected: 1
[2026-04-05T19:45:28.666Z] Middleware called for: GET /api/security/ml-analytics
[2026-04-05T19:45:28.668Z] Path: /api/security/ml-analytics, Threats detected: 1
[2026-04-05T19:45:28.706Z] Middleware called for: GET /api/bugs
[2026-04-05T19:45:28.708Z] Path: /api/bugs, Threats detected: 1
[2026-04-05T19:45:34.279Z] Middleware called for: GET /api/bugs
[2026-04-05T19:45:34.281Z] Path: /api/bugs, Threats detected: 1
[2026-04-05T19:45:34.343Z] Middleware called for: GET /api/bugs
[2026-04-05T19:45:34.345Z] Path: /api/bugs, Threats detected: 1
[2026-04-05T19:47:24.910Z] Middleware called for: GET /api/bugs
[2026-04-05T19:47:24.913Z] Path: /api/bugs, Threats detected: 1
[2026-04-05T19:47:24.917Z] Middleware called for: GET /api/security/ml-analytics
[2026-04-05T19:47:24.919Z] Path: /api/security/ml-analytics, Threats detected: 1
[2026-04-05T19:47:24.992Z] Middleware called for: GET /api/security/ml-analytics
[2026-04-05T19:47:24.996Z] Path: /api/security/ml-analytics, Threats detected: 1
[2026-04-05T19:47:25.030Z] Middleware called for: GET /api/bugs
[2026-04-05T19:47:25.032Z] Path: /api/bugs, Threats detected: 1
[2026-04-05T19:47:30.895Z] Middleware called for: GET /api/bugs
[2026-04-05T19:47:30.897Z] Path: /api/bugs, Threats detected: 1
[2026-04-05T19:47:30.959Z] Middleware called for: GET /api/bugs
[2026-04-05T19:47:30.962Z] Path: /api/bugs, Threats detected: 1
[2026-04-05T19:47:53.866Z] Middleware called for: GET /api/bugs
[2026-04-05T19:47:53.868Z] Path: /api/bugs, Threats detected: 1
[2026-04-05T19:47:53.873Z] Middleware called for: GET /api/security/ml-analytics
[2026-04-05T19:47:53.875Z] Path: /api/security/ml-analytics, Threats detected: 1
[2026-04-05T19:47:53.931Z] Middleware called for: GET /api/security/ml-analytics
[2026-04-05T19:47:53.933Z] Path: /api/security/ml-analytics, Threats detected: 1
[2026-04-05T19:47:53.940Z] Middleware called for: GET /api/bugs
[2026-04-05T19:47:53.941Z] Path: /api/bugs, Threats detected: 1
[2026-04-05T19:50:07.627Z] Middleware called for: GET /api/bugs
[2026-04-05T19:50:07.629Z] Path: /api/bugs, Threats detected: 1
[2026-04-05T19:50:07.663Z] Middleware called for: GET /api/security/ml-analytics
[2026-04-05T19:50:07.666Z] Path: /api/security/ml-analytics, Threats detected: 1
[2026-04-05T19:50:07.711Z] Middleware called for: GET /api/security/ml-analytics
[2026-04-05T19:50:07.713Z] Path: /api/security/ml-analytics, Threats detected: 1
[2026-04-05T19:50:07.752Z] Middleware called for: GET /api/bugs
[2026-04-05T19:50:07.754Z] Path: /api/bugs, Threats detected: 1
[2026-04-05T19:51:08.446Z] Middleware called for: POST /api/auth/login
[2026-04-05T19:51:08.448Z] Path: /api/auth/login, Threats detected: 1
[2026-04-05T19:51:08.763Z] Middleware called for: GET /api/bugs
[2026-04-05T19:51:08.765Z] Path: /api/bugs, Threats detected: 1
[2026-04-05T19:51:08.810Z] Middleware called for: GET /api/bugs
[2026-04-05T19:51:08.812Z] Path: /api/bugs, Threats detected: 1
[2026-04-05T19:51:10.599Z] Middleware called for: GET /api/security/dashboard
[2026-04-05T19:51:10.602Z] Path: /api/security/dashboard, Threats detected: 1
[2026-04-05T19:51:10.640Z] Middleware called for: GET /api/security/audit-logs
[2026-04-05T19:51:10.642Z] Path: /api/security/audit-logs, Threats detected: 1
[2026-04-05T19:51:10.687Z] Middleware called for: GET /api/security/dashboard
[2026-04-05T19:51:10.689Z] Path: /api/security/dashboard, Threats detected: 1
[2026-04-05T19:51:10.705Z] Middleware called for: GET /api/security/audit-logs
[2026-04-05T19:51:10.706Z] Path: /api/security/audit-logs, Threats detected: 1
[2026-04-05T19:51:15.613Z] Middleware called for: GET /api/security/ml-analytics
[2026-04-05T19:51:15.618Z] Path: /api/security/ml-analytics, Threats detected: 1
[2026-04-05T19:51:15.702Z] Middleware called for: GET /api/security/ml-analytics
[2026-04-05T19:51:15.708Z] Path: /api/security/ml-analytics, Threats detected: 1
[2026-04-05T19:52:38.888Z] Middleware called for: GET /api/security/dashboard
[2026-04-05T19:52:38.891Z] Path: /api/security/dashboard, Threats detected: 1
[2026-04-05T19:52:38.894Z] Middleware called for: GET /api/security/audit-logs
[2026-04-05T19:52:38.896Z] Path: /api/security/audit-logs, Threats detected: 1
[2026-04-05T19:52:38.959Z] Middleware called for: GET /api/security/audit-logs
[2026-04-05T19:52:38.960Z] Path: /api/security/audit-logs, Threats detected: 1
[2026-04-05T19:52:38.983Z] Middleware called for: GET /api/security/dashboard
[2026-04-05T19:52:38.984Z] Path: /api/security/dashboard, Threats detected: 1
[2026-04-05T19:52:56.489Z] Middleware called for: GET /api/security/ml-analytics
[2026-04-05T19:52:56.490Z] Path: /api/security/ml-analytics, Threats detected: 1
[2026-04-05T19:52:56.542Z] Middleware called for: GET /api/security/ml-analytics
[2026-04-05T19:52:56.544Z] Path: /api/security/ml-analytics, Threats detected: 1
[2026-04-05T19:55:38.997Z] Middleware called for: GET /api/security/ml-analytics
[2026-04-05T19:55:39.003Z] Path: /api/security/ml-analytics, Threats detected: 1
[2026-04-05T19:55:39.136Z] Middleware called for: GET /api/security/ml-analytics
[2026-04-05T19:55:39.138Z] Path: /api/security/ml-analytics, Threats detected: 1
[2026-04-05T19:56:14.564Z] Middleware called for: POST /api/auth/login
[2026-04-05T19:56:14.565Z] Path: /api/auth/login, Threats detected: 1
[2026-04-05T19:56:14.908Z] Middleware called for: GET /api/security/ml-analytics
[2026-04-05T19:56:14.912Z] Path: /api/security/ml-analytics, Threats detected: 1
[2026-04-05T19:56:14.947Z] Middleware called for: GET /api/bugs
[2026-04-05T19:56:14.950Z] Path: /api/bugs, Threats detected: 1
[2026-04-05T19:56:14.994Z] Middleware called for: GET /api/security/ml-analytics
[2026-04-05T19:56:14.996Z] Path: /api/security/ml-analytics, Threats detected: 1
[2026-04-05T19:56:15.047Z] Middleware called for: GET /api/bugs
[2026-04-05T19:56:15.050Z] Path: /api/bugs, Threats detected: 1
[2026-04-05T19:56:52.276Z] Middleware called for: GET /api/bugs
[2026-04-05T19:56:52.279Z] Path: /api/bugs, Threats detected: 1
[2026-04-05T19:56:52.283Z] Middleware called for: GET /api/security/ml-analytics
[2026-04-05T19:56:52.284Z] Path: /api/security/ml-analytics, Threats detected: 1
[2026-04-05T19:56:52.337Z] Middleware called for: GET /api/security/ml-analytics
[2026-04-05T19:56:52.338Z] Path: /api/security/ml-analytics, Threats detected: 1
[2026-04-05T19:56:52.381Z] Middleware called for: GET /api/bugs
[2026-04-05T19:56:52.382Z] Path: /api/bugs, Threats detected: 1
[2026-04-05T19:58:03.369Z] Middleware called for: GET /api/bugs
[2026-04-05T19:58:03.371Z] Path: /api/bugs, Threats detected: 1
[2026-04-05T19:58:03.375Z] Middleware called for: GET /api/security/ml-analytics
[2026-04-05T19:58:03.376Z] Path: /api/security/ml-analytics, Threats detected: 1
[2026-04-05T19:58:03.423Z] Middleware called for: GET /api/security/ml-analytics
[2026-04-05T19:58:03.425Z] Path: /api/security/ml-analytics, Threats detected: 1
[2026-04-05T19:58:03.454Z] Middleware called for: GET /api/bugs
[2026-04-05T19:58:03.456Z] Path: /api/bugs, Threats detected: 1
[2026-04-05T20:00:03.855Z] Middleware called for: POST /api/auth/login
[2026-04-05T20:00:03.856Z] Path: /api/auth/login, Threats detected: 1
[2026-04-05T20:00:04.152Z] Middleware called for: GET /api/bugs
[2026-04-05T20:00:04.154Z] Path: /api/bugs, Threats detected: 1
[2026-04-05T20:00:04.196Z] Middleware called for: GET /api/bugs
[2026-04-05T20:00:04.198Z] Path: /api/bugs, Threats detected: 1
[2026-04-05T20:00:06.237Z] Middleware called for: GET /api/security/dashboard
[2026-04-05T20:00:06.239Z] Path: /api/security/dashboard, Threats detected: 1
[2026-04-05T20:00:06.277Z] Middleware called for: GET /api/security/audit-logs
[2026-04-05T20:00:06.279Z] Path: /api/security/audit-logs, Threats detected: 1
[2026-04-05T20:00:06.314Z] Middleware called for: GET /api/security/dashboard
[2026-04-05T20:00:06.316Z] Path: /api/security/dashboard, Threats detected: 1
[2026-04-05T20:00:06.372Z] Middleware called for: GET /api/security/audit-logs
[2026-04-05T20:00:06.374Z] Path: /api/security/audit-logs, Threats detected: 1
[2026-04-05T20:00:17.085Z] Middleware called for: GET /api/security/ml-analytics
[2026-04-05T20:00:17.087Z] Path: /api/security/ml-analytics, Threats detected: 1
[2026-04-05T20:00:17.137Z] Middleware called for: GET /api/security/ml-analytics
[2026-04-05T20:00:17.139Z] Path: /api/security/ml-analytics, Threats detected: 1
[2026-04-05T20:00:34.636Z] Middleware called for: POST /api/auth/login
[2026-04-05T20:00:34.638Z] Path: /api/auth/login, Threats detected: 1
[2026-04-05T20:00:39.518Z] Middleware called for: POST /api/auth/login
[2026-04-05T20:00:39.520Z] Path: /api/auth/login, Threats detected: 1
[2026-04-05T20:00:42.693Z] Middleware called for: POST /api/auth/login
[2026-04-05T20:00:42.695Z] Path: /api/auth/login, Threats detected: 1
[2026-04-05T20:00:45.806Z] Middleware called for: POST /api/auth/login
[2026-04-05T20:00:45.808Z] Path: /api/auth/login, Threats detected: 1
[2026-04-05T20:00:46.697Z] Middleware called for: POST /api/auth/login
[2026-04-05T20:00:46.699Z] Path: /api/auth/login, Threats detected: 1
[2026-04-05T20:00:47.569Z] Middleware called for: POST /api/auth/login
[2026-04-05T20:00:47.570Z] Path: /api/auth/login, Threats detected: 1
[2026-04-05T20:00:48.241Z] Middleware called for: POST /api/auth/login
[2026-04-05T20:00:48.243Z] Path: /api/auth/login, Threats detected: 1
[2026-04-05T20:00:48.639Z] Middleware called for: POST /api/auth/login
[2026-04-05T20:00:48.640Z] Path: /api/auth/login, Threats detected: 1
[2026-04-05T20:00:49.361Z] Middleware called for: POST /api/auth/login
[2026-04-05T20:00:49.363Z] Path: /api/auth/login, Threats detected: 1
[2026-04-05T20:00:54.644Z] Middleware called for: POST /api/auth/login
[2026-04-05T20:00:54.645Z] Path: /api/auth/login, Threats detected: 1
[2026-04-05T20:00:55.413Z] Middleware called for: POST /api/auth/login
[2026-04-05T20:00:55.414Z] Path: /api/auth/login, Threats detected: 1
[2026-04-05T20:00:56.208Z] Middleware called for: POST /api/auth/login
[2026-04-05T20:00:56.210Z] Path: /api/auth/login, Threats detected: 1
[2026-04-05T20:00:56.942Z] Middleware called for: POST /api/auth/login
[2026-04-05T20:00:56.943Z] Path: /api/auth/login, Threats detected: 1
[2026-04-05T20:00:57.718Z] Middleware called for: POST /api/auth/login
[2026-04-05T20:00:57.720Z] Path: /api/auth/login, Threats detected: 1
[2026-04-05T20:00:58.466Z] Middleware called for: POST /api/auth/login
[2026-04-05T20:00:58.467Z] Path: /api/auth/login, Threats detected: 1
[2026-04-05T20:00:59.276Z] Middleware called for: POST /api/auth/login
[2026-04-05T20:00:59.278Z] Path: /api/auth/login, Threats detected: 1
[2026-04-05T20:01:00.038Z] Middleware called for: POST /api/auth/login
[2026-04-05T20:01:00.040Z] Path: /api/auth/login, Threats detected: 1
[2026-04-05T20:01:00.724Z] Middleware called for: POST /api/auth/login
[2026-04-05T20:01:00.726Z] Path: /api/auth/login, Threats detected: 1
[2026-04-05T20:01:01.485Z] Middleware called for: POST /api/auth/login
[2026-04-05T20:01:01.487Z] Path: /api/auth/login, Threats detected: 1
[2026-04-05T20:01:24.129Z] Middleware called for: POST /api/auth/login
[2026-04-05T20:01:24.133Z] Path: /api/auth/login, Threats detected: 1
[2026-04-05T20:01:24.430Z] Middleware called for: GET /api/bugs
[2026-04-05T20:01:24.432Z] Path: /api/bugs, Threats detected: 1
[2026-04-05T20:01:24.473Z] Middleware called for: GET /api/bugs
[2026-04-05T20:01:24.474Z] Path: /api/bugs, Threats detected: 1
[2026-04-05T20:01:26.406Z] Middleware called for: GET /api/security/dashboard
[2026-04-05T20:01:26.408Z] Path: /api/security/dashboard, Threats detected: 1
[2026-04-05T20:01:26.446Z] Middleware called for: GET /api/security/audit-logs
[2026-04-05T20:01:26.448Z] Path: /api/security/audit-logs, Threats detected: 1
[2026-04-05T20:01:26.488Z] Middleware called for: GET /api/security/dashboard
[2026-04-05T20:01:26.491Z] Path: /api/security/dashboard, Threats detected: 1
[2026-04-05T20:01:26.506Z] Middleware called for: GET /api/security/audit-logs
[2026-04-05T20:01:26.508Z] Path: /api/security/audit-logs, Threats detected: 1
[2026-04-05T20:01:28.946Z] Middleware called for: GET /api/security/ml-analytics
[2026-04-05T20:01:28.948Z] Path: /api/security/ml-analytics, Threats detected: 1
[2026-04-05T20:01:28.989Z] Middleware called for: GET /api/security/ml-analytics
[2026-04-05T20:01:28.991Z] Path: /api/security/ml-analytics, Threats detected: 1
[2026-04-05T20:07:38.342Z] Middleware called for: POST /api/auth/login
[2026-04-05T20:07:38.347Z] Path: /api/auth/login, Threats detected: 1
[2026-04-05T20:07:43.195Z] Middleware called for: POST /api/auth/login
[2026-04-05T20:07:43.197Z] Path: /api/auth/login, Threats detected: 1
[2026-04-05T20:07:46.218Z] Middleware called for: POST /api/auth/login
[2026-04-05T20:07:46.220Z] Path: /api/auth/login, Threats detected: 1
[2026-04-05T20:07:49.306Z] Middleware called for: POST /api/auth/login
[2026-04-05T20:07:49.307Z] Path: /api/auth/login, Threats detected: 1
[2026-04-05T20:07:52.486Z] Middleware called for: POST /api/auth/login
[2026-04-05T20:07:52.488Z] Path: /api/auth/login, Threats detected: 1
[2026-04-05T20:07:53.998Z] Middleware called for: POST /api/auth/login
[2026-04-05T20:07:54.000Z] Path: /api/auth/login, Threats detected: 1
[2026-04-05T20:07:54.618Z] Middleware called for: POST /api/auth/login
[2026-04-05T20:07:54.620Z] Path: /api/auth/login, Threats detected: 1
[2026-04-05T20:07:54.839Z] Middleware called for: POST /api/auth/login
[2026-04-05T20:07:54.840Z] Path: /api/auth/login, Threats detected: 1
[2026-04-05T20:08:10.172Z] Middleware called for: POST /api/auth/login
[2026-04-05T20:08:10.173Z] Path: /api/auth/login, Threats detected: 1
[2026-04-05T20:08:11.413Z] Middleware called for: POST /api/auth/login
[2026-04-05T20:08:11.415Z] Path: /api/auth/login, Threats detected: 1
[2026-04-05T20:08:19.498Z] Middleware called for: POST /api/auth/login
[2026-04-05T20:08:19.500Z] Path: /api/auth/login, Threats detected: 1
[2026-04-05T20:08:20.422Z] Middleware called for: POST /api/auth/login
[2026-04-05T20:08:20.424Z] Path: /api/auth/login, Threats detected: 1
[2026-04-05T20:08:24.923Z] Middleware called for: POST /api/auth/login
[2026-04-05T20:08:24.925Z] Path: /api/auth/login, Threats detected: 1
[2026-04-05T20:08:25.712Z] Middleware called for: POST /api/auth/login
[2026-04-05T20:08:25.713Z] Path: /api/auth/login, Threats detected: 1
[2026-04-05T20:08:34.463Z] Middleware called for: POST /api/auth/login
[2026-04-05T20:08:34.465Z] Path: /api/auth/login, Threats detected: 1
[2026-04-05T20:12:24.952Z] Middleware called for: POST /api/auth/login
[2026-04-05T20:12:24.953Z] Path: /api/auth/login, Threats detected: 1
[2026-04-05T20:12:34.399Z] Middleware called for: POST /api/auth/login
[2026-04-05T20:12:34.401Z] Path: /api/auth/login, Threats detected: 1
[2026-04-05T20:12:35.045Z] Middleware called for: GET /api/bugs
[2026-04-05T20:12:35.047Z] Path: /api/bugs, Threats detected: 1
[2026-04-05T20:12:35.124Z] Middleware called for: GET /api/bugs
[2026-04-05T20:12:35.129Z] Path: /api/bugs, Threats detected: 1
[2026-04-05T20:12:37.058Z] Middleware called for: GET /api/security/dashboard
[2026-04-05T20:12:37.060Z] Path: /api/security/dashboard, Threats detected: 1
[2026-04-05T20:12:37.104Z] Middleware called for: GET /api/security/audit-logs
[2026-04-05T20:12:37.106Z] Path: /api/security/audit-logs, Threats detected: 1
[2026-04-05T20:12:37.158Z] Middleware called for: GET /api/security/dashboard
[2026-04-05T20:12:37.159Z] Path: /api/security/dashboard, Threats detected: 1
[2026-04-05T20:12:37.217Z] Middleware called for: GET /api/security/audit-logs
[2026-04-05T20:12:37.218Z] Path: /api/security/audit-logs, Threats detected: 1
[2026-04-05T20:12:39.279Z] Middleware called for: GET /api/security/ml-analytics
[2026-04-05T20:12:39.281Z] Path: /api/security/ml-analytics, Threats detected: 1
[2026-04-05T20:12:39.328Z] Middleware called for: GET /api/security/ml-analytics
[2026-04-05T20:12:39.330Z] Path: /api/security/ml-analytics, Threats detected: 1
[2026-04-05T20:13:43.919Z] Middleware called for: POST /api/auth/signup
[2026-04-05T20:13:43.921Z] Path: /api/auth/signup, Threats detected: 1
[2026-04-05T20:13:44.635Z] Middleware called for: GET /api/bugs
[2026-04-05T20:13:44.638Z] Path: /api/bugs, Threats detected: 1
[2026-04-05T20:13:44.716Z] Middleware called for: GET /api/bugs
[2026-04-05T20:13:44.718Z] Path: /api/bugs, Threats detected: 1
[2026-04-05T20:14:11.840Z] Middleware called for: POST /api/auth/login
[2026-04-05T20:14:11.842Z] Path: /api/auth/login, Threats detected: 1
[2026-04-05T20:14:12.510Z] Middleware called for: GET /api/bugs
[2026-04-05T20:14:12.513Z] Path: /api/bugs, Threats detected: 1
[2026-04-05T20:14:12.520Z] Middleware called for: GET /api/security/ml-analytics
[2026-04-05T20:14:12.521Z] Path: /api/security/ml-analytics, Threats detected: 1
[2026-04-05T20:14:12.573Z] Middleware called for: GET /api/security/ml-analytics
[2026-04-05T20:14:12.577Z] Path: /api/security/ml-analytics, Threats detected: 1
[2026-04-05T20:14:12.602Z] Middleware called for: GET /api/bugs
[2026-04-05T20:14:12.604Z] Path: /api/bugs, Threats detected: 1
[2026-04-05T20:14:31.267Z] Middleware called for: POST /api/auth/login
[2026-04-05T20:14:31.269Z] Path: /api/auth/login, Threats detected: 1
[2026-04-05T20:14:33.113Z] Middleware called for: POST /api/auth/login
[2026-04-05T20:14:33.115Z] Path: /api/auth/login, Threats detected: 1
[2026-04-05T20:14:34.906Z] Middleware called for: POST /api/auth/login
[2026-04-05T20:14:34.907Z] Path: /api/auth/login, Threats detected: 1
[2026-04-05T20:14:36.484Z] Middleware called for: POST /api/auth/login
[2026-04-05T20:14:36.486Z] Path: /api/auth/login, Threats detected: 1
[2026-04-05T20:14:37.822Z] Middleware called for: POST /api/auth/login
[2026-04-05T20:14:37.824Z] Path: /api/auth/login, Threats detected: 1
[2026-04-05T20:14:39.179Z] Middleware called for: POST /api/auth/login
[2026-04-05T20:14:39.180Z] Path: /api/auth/login, Threats detected: 1
[2026-04-05T20:14:52.737Z] Middleware called for: POST /api/auth/login
[2026-04-05T20:14:52.739Z] Path: /api/auth/login, Threats detected: 1
[2026-04-05T20:14:53.381Z] Middleware called for: GET /api/bugs
[2026-04-05T20:14:53.383Z] Path: /api/bugs, Threats detected: 1
[2026-04-05T20:14:53.421Z] Middleware called for: GET /api/bugs
[2026-04-05T20:14:53.422Z] Path: /api/bugs, Threats detected: 1
[2026-04-05T20:14:55.190Z] Middleware called for: GET /api/security/dashboard
[2026-04-05T20:14:55.192Z] Path: /api/security/dashboard, Threats detected: 1
[2026-04-05T20:14:55.198Z] Middleware called for: GET /api/security/audit-logs
[2026-04-05T20:14:55.200Z] Path: /api/security/audit-logs, Threats detected: 1
[2026-04-05T20:14:55.258Z] Middleware called for: GET /api/security/audit-logs
[2026-04-05T20:14:55.259Z] Path: /api/security/audit-logs, Threats detected: 1
[2026-04-05T20:14:55.264Z] Middleware called for: GET /api/security/dashboard
[2026-04-05T20:14:55.266Z] Path: /api/security/dashboard, Threats detected: 1
[2026-04-05T20:14:57.475Z] Middleware called for: GET /api/security/ml-analytics
[2026-04-05T20:14:57.476Z] Path: /api/security/ml-analytics, Threats detected: 1
[2026-04-05T20:14:57.521Z] Middleware called for: GET /api/security/ml-analytics
[2026-04-05T20:14:57.523Z] Path: /api/security/ml-analytics, Threats detected: 1
[2026-04-09T07:22:41.121Z] Middleware called for: GET /api/bugs
[2026-04-09T07:22:41.130Z] Path: /api/bugs, Threats detected: 1
[2026-04-09T07:22:41.793Z] Middleware called for: GET /api/bugs
[2026-04-09T07:22:41.825Z] Path: /api/bugs, Threats detected: 1
[2026-04-09T07:23:04.874Z] Middleware called for: GET /api/security/dashboard
[2026-04-09T07:23:04.877Z] Path: /api/security/dashboard, Threats detected: 1
[2026-04-09T07:23:04.935Z] Middleware called for: GET /api/security/audit-logs
[2026-04-09T07:23:04.937Z] Path: /api/security/audit-logs, Threats detected: 1
[2026-04-09T07:23:05.325Z] Middleware called for: GET /api/security/dashboard
[2026-04-09T07:23:05.328Z] Path: /api/security/dashboard, Threats detected: 1
[2026-04-09T07:23:05.338Z] Middleware called for: GET /api/security/audit-logs
[2026-04-09T07:23:05.340Z] Path: /api/security/audit-logs, Threats detected: 1
[2026-04-09T07:23:11.595Z] Middleware called for: GET /api/security/ml-analytics
[2026-04-09T07:23:11.597Z] Path: /api/security/ml-analytics, Threats detected: 1
[2026-04-09T07:23:11.852Z] Middleware called for: GET /api/security/ml-analytics
[2026-04-09T07:23:11.854Z] Path: /api/security/ml-analytics, Threats detected: 1
[2026-04-09T07:24:24.366Z] Middleware called for: POST /api/auth/login
[2026-04-09T07:24:24.373Z] Path: /api/auth/login, Threats detected: 1
[2026-04-09T07:24:27.066Z] Middleware called for: POST /api/auth/login
[2026-04-09T07:24:27.076Z] Path: /api/auth/login, Threats detected: 1
[2026-04-09T07:24:27.099Z] Middleware called for: POST /api/auth/login
[2026-04-09T07:24:27.105Z] Path: /api/auth/login, Threats detected: 1
[2026-04-09T07:24:27.134Z] Middleware called for: POST /api/auth/login
[2026-04-09T07:24:27.142Z] Path: /api/auth/login, Threats detected: 1
[2026-04-09T07:24:27.254Z] Middleware called for: POST /api/auth/login
[2026-04-09T07:24:27.258Z] Path: /api/auth/login, Threats detected: 1
[2026-04-09T07:24:27.281Z] Middleware called for: POST /api/auth/login
[2026-04-09T07:24:27.284Z] Path: /api/auth/login, Threats detected: 1
[2026-04-09T07:24:27.413Z] Middleware called for: POST /api/auth/login
[2026-04-09T07:24:27.415Z] Path: /api/auth/login, Threats detected: 1
[2026-04-09T07:24:29.336Z] Middleware called for: POST /api/auth/login
[2026-04-09T07:24:29.338Z] Path: /api/auth/login, Threats detected: 1
[2026-04-09T07:24:29.698Z] Middleware called for: POST /api/auth/login
[2026-04-09T07:24:29.707Z] Path: /api/auth/login, Threats detected: 1
[2026-04-09T07:24:29.720Z] Middleware called for: POST /api/auth/login
[2026-04-09T07:24:29.731Z] Path: /api/auth/login, Threats detected: 1
[2026-04-09T07:24:29.816Z] Middleware called for: POST /api/auth/login
[2026-04-09T07:24:29.822Z] Path: /api/auth/login, Threats detected: 1
[2026-04-09T07:24:53.895Z] Middleware called for: POST /api/auth/login
[2026-04-09T07:24:53.896Z] Path: /api/auth/login, Threats detected: 1
[2026-04-16T07:48:10.344Z] Middleware called for: POST /api/auth/login
[2026-04-16T07:48:10.352Z] Path: /api/auth/login, Threats detected: 1
[2026-04-16T07:48:12.141Z] Middleware called for: POST /api/auth/login
[2026-04-16T07:48:12.147Z] Path: /api/auth/login, Threats detected: 1
[2026-04-16T07:48:39.333Z] Middleware called for: POST /api/auth/login
[2026-04-16T07:48:39.336Z] Path: /api/auth/login, Threats detected: 1
[2026-04-16T07:49:47.584Z] Middleware called for: POST /api/auth/login
[2026-04-16T07:49:47.585Z] Path: /api/auth/login, Threats detected: 1
[2026-04-16T07:49:55.599Z] Middleware called for: POST /api/auth/login
[2026-04-16T07:49:55.601Z] Path: /api/auth/login, Threats detected: 1
[2026-04-16T07:53:17.312Z] Middleware called for: POST /api/auth/login
[2026-04-16T07:53:17.314Z] Path: /api/auth/login, Threats detected: 1
[2026-04-16T07:53:20.650Z] Middleware called for: POST /api/auth/login
[2026-04-16T07:53:20.653Z] Path: /api/auth/login, Threats detected: 1
[2026-04-16T07:54:47.661Z] Middleware called for: POST /api/auth/login
[2026-04-16T07:54:47.663Z] Path: /api/auth/login, Threats detected: 1
[2026-04-16T07:55:01.309Z] Middleware called for: POST /api/auth/login
[2026-04-16T07:55:01.311Z] Path: /api/auth/login, Threats detected: 1
[2026-04-16T08:47:24.123Z] Middleware called for: POST /api/auth/login
[2026-04-16T08:47:24.129Z] Path: /api/auth/login, Threats detected: 1
[2026-04-16T08:47:24.640Z] Middleware called for: GET /api/bugs
[2026-04-16T08:47:24.644Z] Path: /api/bugs, Threats detected: 1
[2026-04-16T08:47:24.708Z] Middleware called for: GET /api/security/ml-analytics
[2026-04-16T08:47:24.711Z] Path: /api/security/ml-analytics, Threats detected: 1
[2026-04-16T08:47:24.801Z] Middleware called for: GET /api/bugs
[2026-04-16T08:47:24.804Z] Path: /api/bugs, Threats detected: 1
[2026-04-16T08:47:24.826Z] Middleware called for: GET /api/security/ml-analytics
[2026-04-16T08:47:24.828Z] Path: /api/security/ml-analytics, Threats detected: 1
[2026-04-16T08:47:37.507Z] Middleware called for: GET /api/bugs
[2026-04-16T08:47:37.509Z] Path: /api/bugs, Threats detected: 1
[2026-04-16T08:47:37.567Z] Middleware called for: GET /api/bugs
[2026-04-16T08:47:37.569Z] Path: /api/bugs, Threats detected: 1
[2026-04-16T08:48:13.193Z] Middleware called for: POST /api/auth/login
[2026-04-16T08:48:13.195Z] Path: /api/auth/login, Threats detected: 1
[2026-04-16T08:48:13.565Z] Middleware called for: GET /api/bugs
[2026-04-16T08:48:13.567Z] Path: /api/bugs, Threats detected: 1
[2026-04-16T08:48:13.618Z] Middleware called for: GET /api/bugs
[2026-04-16T08:48:13.621Z] Path: /api/bugs, Threats detected: 1
[2026-04-16T08:48:19.503Z] Middleware called for: GET /api/security/dashboard
[2026-04-16T08:48:19.508Z] Path: /api/security/dashboard, Threats detected: 1
[2026-04-16T08:48:19.523Z] Middleware called for: GET /api/security/audit-logs
[2026-04-16T08:48:19.526Z] Path: /api/security/audit-logs, Threats detected: 1
[2026-04-16T08:48:19.626Z] Middleware called for: GET /api/security/audit-logs
[2026-04-16T08:48:19.628Z] Path: /api/security/audit-logs, Threats detected: 1
[2026-04-16T08:48:19.655Z] Middleware called for: GET /api/security/dashboard
[2026-04-16T08:48:19.657Z] Path: /api/security/dashboard, Threats detected: 1
[2026-04-16T08:48:38.269Z] Middleware called for: GET /api/security/ml-analytics
[2026-04-16T08:48:38.271Z] Path: /api/security/ml-analytics, Threats detected: 1
[2026-04-16T08:48:38.349Z] Middleware called for: GET /api/security/ml-analytics
[2026-04-16T08:48:38.351Z] Path: /api/security/ml-analytics, Threats detected: 1
[2026-04-16T09:32:37.598Z] Middleware called for: POST /api/auth/login
[2026-04-16T09:32:37.601Z] Path: /api/auth/login, Threats detected: 1
[2026-04-16T09:32:38.011Z] Middleware called for: GET /api/bugs
[2026-04-16T09:32:38.014Z] Path: /api/bugs, Threats detected: 1
[2026-04-16T09:32:38.083Z] Middleware called for: GET /api/bugs
[2026-04-16T09:32:38.085Z] Path: /api/bugs, Threats detected: 1
[2026-04-16T09:32:43.420Z] Middleware called for: GET /api/security/dashboard
[2026-04-16T09:32:43.425Z] Path: /api/security/dashboard, Threats detected: 1
[2026-04-16T09:32:43.491Z] Middleware called for: GET /api/security/audit-logs
[2026-04-16T09:32:43.493Z] Path: /api/security/audit-logs, Threats detected: 1
[2026-04-16T09:32:43.535Z] Middleware called for: GET /api/security/dashboard
[2026-04-16T09:32:43.538Z] Path: /api/security/dashboard, Threats detected: 1
[2026-04-16T09:32:43.625Z] Middleware called for: GET /api/security/audit-logs
[2026-04-16T09:32:43.627Z] Path: /api/security/audit-logs, Threats detected: 1
[2026-04-16T09:33:06.244Z] Middleware called for: GET /api/security/ml-analytics
[2026-04-16T09:33:06.247Z] Path: /api/security/ml-analytics, Threats detected: 1
[2026-04-16T09:33:06.306Z] Middleware called for: GET /api/security/ml-analytics
[2026-04-16T09:33:06.309Z] Path: /api/security/ml-analytics, Threats detected: 1
[2026-04-16T09:34:06.236Z] Middleware called for: POST /api/auth/login
[2026-04-16T09:34:06.238Z] Path: /api/auth/login, Threats detected: 1
[2026-04-16T09:34:09.885Z] Middleware called for: POST /api/auth/login
[2026-04-16T09:34:09.887Z] Path: /api/auth/login, Threats detected: 1
[2026-04-16T09:34:10.746Z] Middleware called for: POST /api/auth/login
[2026-04-16T09:34:10.748Z] Path: /api/auth/login, Threats detected: 1
[2026-04-16T09:34:11.554Z] Middleware called for: POST /api/auth/login
[2026-04-16T09:34:11.557Z] Path: /api/auth/login, Threats detected: 1
[2026-04-16T09:34:22.403Z] Middleware called for: POST /api/auth/login
[2026-04-16T09:34:22.406Z] Path: /api/auth/login, Threats detected: 1
[2026-04-16T09:34:46.832Z] Middleware called for: POST /api/auth/login
[2026-04-16T09:34:46.834Z] Path: /api/auth/login, Threats detected: 1
[2026-04-16T09:34:47.167Z] Middleware called for: GET /api/bugs
[2026-04-16T09:34:47.170Z] Path: /api/bugs, Threats detected: 1
[2026-04-16T09:34:47.178Z] Middleware called for: GET /api/security/ml-analytics
[2026-04-16T09:34:47.181Z] Path: /api/security/ml-analytics, Threats detected: 1
[2026-04-16T09:34:47.246Z] Middleware called for: GET /api/security/ml-analytics
[2026-04-16T09:34:47.249Z] Path: /api/security/ml-analytics, Threats detected: 1
[2026-04-16T09:34:47.273Z] Middleware called for: GET /api/bugs
[2026-04-16T09:34:47.276Z] Path: /api/bugs, Threats detected: 1
[2026-04-16T09:35:28.588Z] Middleware called for: GET /api/bugs
[2026-04-16T09:35:28.591Z] Path: /api/bugs, Threats detected: 1
[2026-04-16T09:35:28.596Z] Middleware called for: GET /api/security/ml-analytics
[2026-04-16T09:35:28.600Z] Path: /api/security/ml-analytics, Threats detected: 1
[2026-04-16T09:35:28.653Z] Middleware called for: GET /api/security/ml-analytics
[2026-04-16T09:35:28.655Z] Path: /api/security/ml-analytics, Threats detected: 1
[2026-04-16T09:35:28.686Z] Middleware called for: GET /api/bugs
[2026-04-16T09:35:28.688Z] Path: /api/bugs, Threats detected: 1
[2026-04-16T09:37:11.690Z] Middleware called for: POST /api/auth/login
[2026-04-16T09:37:11.692Z] Path: /api/auth/login, Threats detected: 1
[2026-04-16T09:37:12.038Z] Middleware called for: GET /api/bugs
[2026-04-16T09:37:12.042Z] Path: /api/bugs, Threats detected: 1
[2026-04-16T09:37:12.089Z] Middleware called for: GET /api/bugs
[2026-04-16T09:37:12.092Z] Path: /api/bugs, Threats detected: 1
[2026-04-16T09:37:15.769Z] Middleware called for: GET /api/security/dashboard
[2026-04-16T09:37:15.771Z] Path: /api/security/dashboard, Threats detected: 1
[2026-04-16T09:37:15.778Z] Middleware called for: GET /api/security/audit-logs
[2026-04-16T09:37:15.780Z] Path: /api/security/audit-logs, Threats detected: 1
[2026-04-16T09:37:15.847Z] Middleware called for: GET /api/security/audit-logs
[2026-04-16T09:37:15.850Z] Path: /api/security/audit-logs, Threats detected: 1
[2026-04-16T09:37:15.868Z] Middleware called for: GET /api/security/dashboard
[2026-04-16T09:37:15.870Z] Path: /api/security/dashboard, Threats detected: 1
[2026-04-16T09:37:44.207Z] Middleware called for: POST /api/auth/login
[2026-04-16T09:37:44.210Z] Path: /api/auth/login, Threats detected: 1
[2026-04-16T09:37:44.565Z] Middleware called for: GET /api/bugs
[2026-04-16T09:37:44.569Z] Path: /api/bugs, Threats detected: 1
[2026-04-16T09:37:44.621Z] Middleware called for: GET /api/security/ml-analytics
[2026-04-16T09:37:44.624Z] Path: /api/security/ml-analytics, Threats detected: 1
[2026-04-16T09:37:44.687Z] Middleware called for: GET /api/bugs
[2026-04-16T09:37:44.689Z] Path: /api/bugs, Threats detected: 1
[2026-04-16T09:37:44.717Z] Middleware called for: GET /api/security/ml-analytics
[2026-04-16T09:37:44.719Z] Path: /api/security/ml-analytics, Threats detected: 1
